2023-05-23 23:57:37,882:main.y폜z_Div9:INFO:----------------폜Jn----------------:
2023-05-23 23:57:37,882:main.y폜z_Div9:INFO:ΏۃtH_:C:\Users\Kazuk\Documents\2_Projects\VSCode\fileKeeperDirExample\dir10
2023-05-23 23:57:37,886:main.y폜z_Div9:INFO:-폜-:177
2023-05-23 23:57:37,899:main.y폜z_Div9:INFO:-폜-:178
2023-05-23 23:57:37,929:main.y폜z_Div9:INFO:-폜-:179
2023-05-23 23:57:37,961:main.y폜z_Div9:INFO:-폜-:180
2023-05-23 23:57:37,992:main.y폜z_Div9:INFO:-폜-:2020-06
2023-05-23 23:57:37,992:main.y폜z_Div9:INFO:-폜-:171
2023-05-23 23:57:38,039:main.y폜z_Div9:INFO:-폜-:172
2023-05-23 23:57:38,054:main.y폜z_Div9:INFO:-폜-:173
2023-05-23 23:57:38,094:main.y폜z_Div9:INFO:-폜-:174
2023-05-23 23:57:38,115:main.y폜z_Div9:INFO:-폜-:175
2023-05-23 23:57:38,138:main.y폜z_Div9:INFO:-폜-:176
2023-05-23 23:57:38,150:main.y폜z_Div9:INFO:-폜-:2020-07
2023-05-23 23:57:38,150:main.y폜z_Div9:INFO:-폜-:166
2023-05-23 23:57:38,179:main.y폜z_Div9:INFO:-폜-:167
2023-05-23 23:57:38,195:main.y폜z_Div9:INFO:-폜-:168
2023-05-23 23:57:38,226:main.y폜z_Div9:INFO:-폜-:169
2023-05-23 23:57:38,329:main.y폜z_Div9:INFO:-폜-:170
2023-05-23 23:57:38,363:main.y폜z_Div9:INFO:-폜-:2020-08
2023-05-23 23:57:38,364:main.y폜z_Div9:INFO:-폜-:161
2023-05-23 23:57:38,391:main.y폜z_Div9:INFO:-폜-:162
2023-05-23 23:57:38,400:main.y폜z_Div9:INFO:-폜-:163
2023-05-23 23:57:38,416:main.y폜z_Div9:INFO:-폜-:164
2023-05-23 23:57:38,429:main.y폜z_Div9:INFO:-폜-:165
2023-05-23 23:57:38,445:main.y폜z_Div9:INFO:-폜-:2020-09
2023-05-23 23:57:38,445:main.y폜z_Div9:INFO:-폜-:156
2023-05-23 23:57:38,460:main.y폜z_Div9:INFO:-폜-:157
2023-05-23 23:57:38,476:main.y폜z_Div9:INFO:-폜-:158
2023-05-23 23:57:38,491:main.y폜z_Div9:INFO:-폜-:159
2023-05-23 23:57:38,507:main.y폜z_Div9:INFO:-폜-:160
2023-05-23 23:57:38,523:main.y폜z_Div9:INFO:-폜-:2020-10
2023-05-23 23:57:38,523:main.y폜z_Div9:INFO:-폜-:151
2023-05-23 23:57:38,538:main.y폜z_Div9:INFO:-폜-:152
2023-05-23 23:57:38,554:main.y폜z_Div9:INFO:-폜-:153
2023-05-23 23:57:38,570:main.y폜z_Div9:INFO:-폜-:154
2023-05-23 23:57:38,585:main.y폜z_Div9:INFO:-폜-:155
2023-05-23 23:57:38,601:main.y폜z_Div9:INFO:-폜-:2020-11
2023-05-23 23:57:38,601:main.y폜z_Div9:INFO:-폜-:146
2023-05-23 23:57:38,616:main.y폜z_Div9:INFO:-폜-:147
2023-05-23 23:57:38,640:main.y폜z_Div9:INFO:-폜-:148
2023-05-23 23:57:38,656:main.y폜z_Div9:INFO:-폜-:149
2023-05-23 23:57:38,671:main.y폜z_Div9:INFO:-폜-:150
2023-05-23 23:57:38,681:main.y폜z_Div9:INFO:-폜-:2020-12
2023-05-23 23:57:38,681:main.y폜z_Div9:INFO:-폜-:141
2023-05-23 23:57:38,697:main.y폜z_Div9:INFO:-폜-:142
2023-05-23 23:57:38,710:main.y폜z_Div9:INFO:-폜-:143
2023-05-23 23:57:38,726:main.y폜z_Div9:INFO:-폜-:144
2023-05-23 23:57:38,742:main.y폜z_Div9:INFO:-폜-:145
2023-05-23 23:57:38,757:main.y폜z_Div9:INFO:-폜-:2021-01
2023-05-23 23:57:38,757:main.y폜z_Div9:INFO:-폜-:136
2023-05-23 23:57:38,773:main.y폜z_Div9:INFO:-폜-:137
2023-05-23 23:57:38,788:main.y폜z_Div9:INFO:-폜-:138
2023-05-23 23:57:38,804:main.y폜z_Div9:INFO:-폜-:139
2023-05-23 23:57:38,827:main.y폜z_Div9:INFO:-폜-:140
2023-05-23 23:57:38,844:main.y폜z_Div9:INFO:-폜-:2021-02
2023-05-23 23:57:38,846:main.y폜z_Div9:INFO:-폜-:131
2023-05-23 23:57:38,860:main.y폜z_Div9:INFO:-폜-:132
2023-05-23 23:57:38,877:main.y폜z_Div9:INFO:-폜-:133
2023-05-23 23:57:38,894:main.y폜z_Div9:INFO:-폜-:134
2023-05-23 23:57:38,911:main.y폜z_Div9:INFO:-폜-:135
2023-05-23 23:57:38,926:main.y폜z_Div9:INFO:-폜-:2021-03
2023-05-23 23:57:38,928:main.y폜z_Div9:INFO:-폜-:126
2023-05-23 23:57:38,932:main.y폜z_Div9:INFO:-폜-:127
2023-05-23 23:57:38,960:main.y폜z_Div9:INFO:-폜-:128
2023-05-23 23:57:38,976:main.y폜z_Div9:INFO:-폜-:129
2023-05-23 23:57:38,991:main.y폜z_Div9:INFO:-폜-:130
2023-05-23 23:57:39,007:main.y폜z_Div9:INFO:-폜-:2021-04
2023-05-23 23:57:39,007:main.y폜z_Div9:INFO:-폜-:121
2023-05-23 23:57:39,023:main.y폜z_Div9:INFO:-폜-:122
2023-05-23 23:57:39,038:main.y폜z_Div9:INFO:-폜-:123
2023-05-23 23:57:39,070:main.y폜z_Div9:INFO:-폜-:124
2023-05-23 23:57:39,085:main.y폜z_Div9:INFO:-폜-:125
2023-05-23 23:57:39,101:main.y폜z_Div9:INFO:-폜-:2021-05
2023-05-23 23:57:39,116:main.y폜z_Div9:INFO:-폜-:116
2023-05-23 23:57:39,132:main.y폜z_Div9:INFO:-폜-:117
2023-05-23 23:57:39,150:main.y폜z_Div9:INFO:-폜-:118
2023-05-23 23:57:39,166:main.y폜z_Div9:INFO:-폜-:119
2023-05-23 23:57:39,179:main.y폜z_Div9:INFO:-폜-:120
2023-05-23 23:57:39,195:main.y폜z_Div9:INFO:-폜-:2021-06
2023-05-23 23:57:39,195:main.y폜z_Div9:INFO:-폜-:111
2023-05-23 23:57:39,219:main.y폜z_Div9:INFO:-폜-:112
2023-05-23 23:57:39,238:main.y폜z_Div9:INFO:-폜-:113
2023-05-23 23:57:39,242:main.y폜z_Div9:INFO:-폜-:114
2023-05-23 23:57:39,258:main.y폜z_Div9:INFO:-폜-:115
2023-05-23 23:57:39,273:main.y폜z_Div9:INFO:-폜-:2021-07
2023-05-23 23:57:39,273:main.y폜z_Div9:INFO:-폜-:105
2023-05-23 23:57:39,304:main.y폜z_Div9:INFO:-폜-:106
2023-05-23 23:57:39,320:main.y폜z_Div9:INFO:-폜-:107
2023-05-23 23:57:39,333:main.y폜z_Div9:INFO:-폜-:108
2023-05-23 23:57:39,347:main.y폜z_Div9:INFO:-폜-:109
2023-05-23 23:57:39,359:main.y폜z_Div9:INFO:-폜-:110
2023-05-23 23:57:39,372:main.y폜z_Div9:INFO:-폜-:2021-08
2023-05-23 23:57:39,373:main.y폜z_Div9:INFO:-폜-:100
2023-05-23 23:57:39,382:main.y폜z_Div9:INFO:-폜-:101
2023-05-23 23:57:39,394:main.y폜z_Div9:INFO:-폜-:102
2023-05-23 23:57:39,399:main.y폜z_Div9:INFO:-폜-:103
2023-05-23 23:57:39,399:main.y폜z_Div9:INFO:-폜-:104
2023-05-23 23:57:39,415:main.y폜z_Div9:INFO:-폜-:2021-09
2023-05-23 23:57:39,415:main.y폜z_Div9:INFO:-폜-:95
2023-05-23 23:57:39,429:main.y폜z_Div9:INFO:-폜-:96
2023-05-23 23:57:39,429:main.y폜z_Div9:INFO:-폜-:97
2023-05-23 23:57:39,445:main.y폜z_Div9:INFO:-폜-:98
2023-05-23 23:57:39,445:main.y폜z_Div9:INFO:-폜-:99
2023-05-23 23:57:39,460:main.y폜z_Div9:INFO:-폜-:2021-10
2023-05-23 23:57:39,460:main.y폜z_Div9:INFO:et@C폜:2021-11
2023-05-23 23:57:39,460:main.y폜z_Div9:INFO:-폜-:90
2023-05-23 23:57:39,460:main.y폜z_Div9:INFO:-폜-:91
2023-05-23 23:57:39,460:main.y폜z_Div9:INFO:-폜-:92
2023-05-23 23:57:39,460:main.y폜z_Div9:INFO:-폜-:93
2023-05-23 23:57:39,460:main.y폜z_Div9:INFO:-폜-:94
2023-05-23 23:57:39,476:main.y폜z_Div9:INFO:----------------폜----------------:
