2023-05-23 23:57:37,726:main.y폜z_Div5:INFO:----------------폜Jn----------------:
2023-05-23 23:57:37,726:main.y폜z_Div5:INFO:ΏۃtH_:C:\Users\Kazuk\Documents\2_Projects\VSCode\fileKeeperDirExample\dir6
2023-05-23 23:57:37,757:main.y폜z_Div5:INFO:-폜-:177
2023-05-23 23:57:37,757:main.y폜z_Div5:INFO:-폜-:178
2023-05-23 23:57:37,773:main.y폜z_Div5:INFO:-폜-:179
2023-05-23 23:57:37,788:main.y폜z_Div5:INFO:-폜-:180
2023-05-23 23:57:37,788:main.y폜z_Div5:INFO:-폜-:2020-06
2023-05-23 23:57:37,804:main.y폜z_Div5:INFO:-폜-:171
2023-05-23 23:57:37,804:main.y폜z_Div5:INFO:-폜-:172
2023-05-23 23:57:37,827:main.y폜z_Div5:INFO:-폜-:173
2023-05-23 23:57:37,843:main.y폜z_Div5:INFO:-폜-:174
2023-05-23 23:57:37,865:main.y폜z_Div5:INFO:-폜-:175
2023-05-23 23:57:37,879:main.y폜z_Div5:INFO:-폜-:176
2023-05-23 23:57:37,898:main.y폜z_Div5:INFO:-폜-:2020-07
2023-05-23 23:57:37,899:main.y폜z_Div5:INFO:-폜-:166
2023-05-23 23:57:37,914:main.y폜z_Div5:INFO:-폜-:167
2023-05-23 23:57:37,946:main.y폜z_Div5:INFO:-폜-:168
2023-05-23 23:57:37,976:main.y폜z_Div5:INFO:-폜-:169
2023-05-23 23:57:37,992:main.y폜z_Div5:INFO:-폜-:170
2023-05-23 23:57:38,023:main.y폜z_Div5:INFO:-폜-:2020-08
2023-05-23 23:57:38,039:main.y폜z_Div5:INFO:-폜-:161
2023-05-23 23:57:38,054:main.y폜z_Div5:INFO:-폜-:162
2023-05-23 23:57:38,070:main.y폜z_Div5:INFO:-폜-:163
2023-05-23 23:57:38,102:main.y폜z_Div5:INFO:-폜-:164
2023-05-23 23:57:38,119:main.y폜z_Div5:INFO:-폜-:165
2023-05-23 23:57:38,142:main.y폜z_Div5:INFO:-폜-:2020-09
2023-05-23 23:57:38,143:main.y폜z_Div5:INFO:-폜-:156
2023-05-23 23:57:38,166:main.y폜z_Div5:INFO:-폜-:157
2023-05-23 23:57:38,179:main.y폜z_Div5:INFO:-폜-:158
2023-05-23 23:57:38,195:main.y폜z_Div5:INFO:-폜-:159
2023-05-23 23:57:38,226:main.y폜z_Div5:INFO:-폜-:160
2023-05-23 23:57:38,323:main.y폜z_Div5:INFO:-폜-:2020-10
2023-05-23 23:57:38,325:main.y폜z_Div5:INFO:-폜-:151
2023-05-23 23:57:38,345:main.y폜z_Div5:INFO:-폜-:152
2023-05-23 23:57:38,375:main.y폜z_Div5:INFO:-폜-:153
2023-05-23 23:57:38,400:main.y폜z_Div5:INFO:-폜-:154
2023-05-23 23:57:38,416:main.y폜z_Div5:INFO:-폜-:155
2023-05-23 23:57:38,429:main.y폜z_Div5:INFO:-폜-:2020-11
2023-05-23 23:57:38,429:main.y폜z_Div5:INFO:-폜-:146
2023-05-23 23:57:38,445:main.y폜z_Div5:INFO:-폜-:147
2023-05-23 23:57:38,460:main.y폜z_Div5:INFO:-폜-:148
2023-05-23 23:57:38,476:main.y폜z_Div5:INFO:-폜-:149
2023-05-23 23:57:38,491:main.y폜z_Div5:INFO:-폜-:150
2023-05-23 23:57:38,491:main.y폜z_Div5:INFO:-폜-:2020-12
2023-05-23 23:57:38,491:main.y폜z_Div5:INFO:-폜-:141
2023-05-23 23:57:38,507:main.y폜z_Div5:INFO:-폜-:142
2023-05-23 23:57:38,538:main.y폜z_Div5:INFO:-폜-:143
2023-05-23 23:57:38,538:main.y폜z_Div5:INFO:-폜-:144
2023-05-23 23:57:38,570:main.y폜z_Div5:INFO:-폜-:145
2023-05-23 23:57:38,585:main.y폜z_Div5:INFO:-폜-:2021-01
2023-05-23 23:57:38,585:main.y폜z_Div5:INFO:-폜-:136
2023-05-23 23:57:38,601:main.y폜z_Div5:INFO:-폜-:137
2023-05-23 23:57:38,616:main.y폜z_Div5:INFO:-폜-:138
2023-05-23 23:57:38,633:main.y폜z_Div5:INFO:-폜-:139
2023-05-23 23:57:38,647:main.y폜z_Div5:INFO:-폜-:140
2023-05-23 23:57:38,664:main.y폜z_Div5:INFO:-폜-:2021-02
2023-05-23 23:57:38,666:main.y폜z_Div5:INFO:-폜-:131
2023-05-23 23:57:38,680:main.y폜z_Div5:INFO:-폜-:132
2023-05-23 23:57:38,681:main.y폜z_Div5:INFO:-폜-:133
2023-05-23 23:57:38,697:main.y폜z_Div5:INFO:-폜-:134
2023-05-23 23:57:38,710:main.y폜z_Div5:INFO:-폜-:135
2023-05-23 23:57:38,726:main.y폜z_Div5:INFO:-폜-:2021-03
2023-05-23 23:57:38,726:main.y폜z_Div5:INFO:-폜-:126
2023-05-23 23:57:38,742:main.y폜z_Div5:INFO:-폜-:127
2023-05-23 23:57:38,757:main.y폜z_Div5:INFO:-폜-:128
2023-05-23 23:57:38,773:main.y폜z_Div5:INFO:-폜-:129
2023-05-23 23:57:38,788:main.y폜z_Div5:INFO:-폜-:130
2023-05-23 23:57:38,804:main.y폜z_Div5:INFO:-폜-:2021-04
2023-05-23 23:57:38,804:main.y폜z_Div5:INFO:-폜-:121
2023-05-23 23:57:38,827:main.y폜z_Div5:INFO:-폜-:122
2023-05-23 23:57:38,841:main.y폜z_Div5:INFO:-폜-:123
2023-05-23 23:57:38,857:main.y폜z_Div5:INFO:-폜-:124
2023-05-23 23:57:38,873:main.y폜z_Div5:INFO:-폜-:125
2023-05-23 23:57:38,890:main.y폜z_Div5:INFO:-폜-:2021-05
2023-05-23 23:57:38,892:main.y폜z_Div5:INFO:-폜-:116
2023-05-23 23:57:38,909:main.y폜z_Div5:INFO:-폜-:117
2023-05-23 23:57:38,924:main.y폜z_Div5:INFO:-폜-:118
2023-05-23 23:57:38,932:main.y폜z_Div5:INFO:-폜-:119
2023-05-23 23:57:38,948:main.y폜z_Div5:INFO:-폜-:120
2023-05-23 23:57:38,960:main.y폜z_Div5:INFO:-폜-:2021-06
2023-05-23 23:57:38,960:main.y폜z_Div5:INFO:-폜-:111
2023-05-23 23:57:38,976:main.y폜z_Div5:INFO:-폜-:112
2023-05-23 23:57:38,991:main.y폜z_Div5:INFO:-폜-:113
2023-05-23 23:57:39,023:main.y폜z_Div5:INFO:-폜-:114
2023-05-23 23:57:39,038:main.y폜z_Div5:INFO:-폜-:115
2023-05-23 23:57:39,054:main.y폜z_Div5:INFO:-폜-:2021-07
2023-05-23 23:57:39,054:main.y폜z_Div5:INFO:-폜-:105
2023-05-23 23:57:39,070:main.y폜z_Div5:INFO:-폜-:106
2023-05-23 23:57:39,085:main.y폜z_Div5:INFO:-폜-:107
2023-05-23 23:57:39,101:main.y폜z_Div5:INFO:-폜-:108
2023-05-23 23:57:39,116:main.y폜z_Div5:INFO:-폜-:109
2023-05-23 23:57:39,132:main.y폜z_Div5:INFO:-폜-:110
2023-05-23 23:57:39,166:main.y폜z_Div5:INFO:-폜-:2021-08
2023-05-23 23:57:39,166:main.y폜z_Div5:INFO:-폜-:100
2023-05-23 23:57:39,179:main.y폜z_Div5:INFO:-폜-:101
2023-05-23 23:57:39,195:main.y폜z_Div5:INFO:-폜-:102
2023-05-23 23:57:39,211:main.y폜z_Div5:INFO:-폜-:103
2023-05-23 23:57:39,229:main.y폜z_Div5:INFO:-폜-:104
2023-05-23 23:57:39,242:main.y폜z_Div5:INFO:-폜-:2021-09
2023-05-23 23:57:39,242:main.y폜z_Div5:INFO:-폜-:95
2023-05-23 23:57:39,258:main.y폜z_Div5:INFO:-폜-:96
2023-05-23 23:57:39,273:main.y폜z_Div5:INFO:-폜-:97
2023-05-23 23:57:39,289:main.y폜z_Div5:INFO:-폜-:98
2023-05-23 23:57:39,304:main.y폜z_Div5:INFO:-폜-:99
2023-05-23 23:57:39,325:main.y폜z_Div5:INFO:-폜-:2021-10
2023-05-23 23:57:39,327:main.y폜z_Div5:INFO:et@C폜:2021-11
2023-05-23 23:57:39,328:main.y폜z_Div5:INFO:-폜-:90
2023-05-23 23:57:39,330:main.y폜z_Div5:INFO:-폜-:91
2023-05-23 23:57:39,332:main.y폜z_Div5:INFO:-폜-:92
2023-05-23 23:57:39,334:main.y폜z_Div5:INFO:-폜-:93
2023-05-23 23:57:39,336:main.y폜z_Div5:INFO:-폜-:94
2023-05-23 23:57:39,348:main.y폜z_Div5:INFO:----------------폜----------------:
