2023-05-23 23:57:37,679:main.yíœz_Diva:INFO:----------------íœŠJn----------------:
2023-05-23 23:57:37,679:main.yíœz_Diva:INFO:‘ÎÛƒtƒHƒ‹ƒ_:C:\Users\Kazuk\Documents\2_Projects\VSCode\fileKeeperDirExample\dir1
2023-05-23 23:57:37,695:main.yíœz_Diva:INFO:-íœ’†-:177
2023-05-23 23:57:37,741:main.yíœz_Diva:INFO:-íœ’†-:178
2023-05-23 23:57:37,741:main.yíœz_Diva:INFO:-íœ’†-:179
2023-05-23 23:57:37,757:main.yíœz_Diva:INFO:-íœ’†-:180
2023-05-23 23:57:37,757:main.yíœz_Diva:INFO:-íœ’†-:2020-06
2023-05-23 23:57:37,773:main.yíœz_Diva:INFO:-íœ’†-:171
2023-05-23 23:57:37,773:main.yíœz_Diva:INFO:-íœ’†-:172
2023-05-23 23:57:37,788:main.yíœz_Diva:INFO:-íœ’†-:173
2023-05-23 23:57:37,788:main.yíœz_Diva:INFO:-íœ’†-:174
2023-05-23 23:57:37,804:main.yíœz_Diva:INFO:-íœ’†-:175
2023-05-23 23:57:37,804:main.yíœz_Diva:INFO:----------------íœŠJn----------------:
2023-05-23 23:57:37,804:main.yíœz_Diva:INFO:‘ÎÛƒtƒHƒ‹ƒ_:C:\Users\Kazuk\Documents\2_Projects\VSCode\fileKeeperDirExample\dir13
2023-05-23 23:57:37,822:main.yíœz_Diva:INFO:-íœ’†-:176
2023-05-23 23:57:37,834:main.yíœz_Diva:INFO:-íœ’†-:2020-07
2023-05-23 23:57:37,842:main.yíœz_Diva:INFO:-íœ’†-:166
2023-05-23 23:57:37,851:main.yíœz_Diva:INFO:-íœ’†-:177
2023-05-23 23:57:37,862:main.yíœz_Diva:INFO:-íœ’†-:167
2023-05-23 23:57:37,879:main.yíœz_Diva:INFO:-íœ’†-:178
2023-05-23 23:57:37,883:main.yíœz_Diva:INFO:-íœ’†-:168
2023-05-23 23:57:37,896:main.yíœz_Diva:INFO:-íœ’†-:179
2023-05-23 23:57:37,898:main.yíœz_Diva:INFO:-íœ’†-:169
2023-05-23 23:57:37,914:main.yíœz_Diva:INFO:-íœ’†-:180
2023-05-23 23:57:37,914:main.yíœz_Diva:INFO:-íœ’†-:170
2023-05-23 23:57:37,929:main.yíœz_Diva:INFO:-íœ’†-:2020-06
2023-05-23 23:57:37,946:main.yíœz_Diva:INFO:-íœ’†-:171
2023-05-23 23:57:37,946:main.yíœz_Diva:INFO:-íœ’†-:2020-08
2023-05-23 23:57:37,946:main.yíœz_Diva:INFO:-íœ’†-:161
2023-05-23 23:57:37,961:main.yíœz_Diva:INFO:-íœ’†-:172
2023-05-23 23:57:37,976:main.yíœz_Diva:INFO:-íœ’†-:162
2023-05-23 23:57:37,976:main.yíœz_Diva:INFO:-íœ’†-:173
2023-05-23 23:57:37,992:main.yíœz_Diva:INFO:-íœ’†-:163
2023-05-23 23:57:38,023:main.yíœz_Diva:INFO:-íœ’†-:174
2023-05-23 23:57:38,023:main.yíœz_Diva:INFO:-íœ’†-:164
2023-05-23 23:57:38,039:main.yíœz_Diva:INFO:-íœ’†-:175
2023-05-23 23:57:38,039:main.yíœz_Diva:INFO:-íœ’†-:165
2023-05-23 23:57:38,054:main.yíœz_Diva:INFO:-íœ’†-:176
2023-05-23 23:57:38,070:main.yíœz_Diva:INFO:-íœ’†-:2020-09
2023-05-23 23:57:38,070:main.yíœz_Diva:INFO:-íœ’†-:156
2023-05-23 23:57:38,070:main.yíœz_Diva:INFO:-íœ’†-:2020-07
2023-05-23 23:57:38,070:main.yíœz_Diva:INFO:-íœ’†-:166
2023-05-23 23:57:38,097:main.yíœz_Diva:INFO:-íœ’†-:157
2023-05-23 23:57:38,110:main.yíœz_Diva:INFO:-íœ’†-:167
2023-05-23 23:57:38,115:main.yíœz_Diva:INFO:-íœ’†-:158
2023-05-23 23:57:38,130:main.yíœz_Diva:INFO:-íœ’†-:168
2023-05-23 23:57:38,137:main.yíœz_Diva:INFO:-íœ’†-:159
2023-05-23 23:57:38,150:main.yíœz_Diva:INFO:-íœ’†-:169
2023-05-23 23:57:38,150:main.yíœz_Diva:INFO:-íœ’†-:160
2023-05-23 23:57:38,166:main.yíœz_Diva:INFO:-íœ’†-:170
2023-05-23 23:57:38,179:main.yíœz_Diva:INFO:-íœ’†-:2020-10
2023-05-23 23:57:38,179:main.yíœz_Diva:INFO:-íœ’†-:151
2023-05-23 23:57:38,195:main.yíœz_Diva:INFO:-íœ’†-:2020-08
2023-05-23 23:57:38,195:main.yíœz_Diva:INFO:-íœ’†-:161
2023-05-23 23:57:38,195:main.yíœz_Diva:INFO:-íœ’†-:152
2023-05-23 23:57:38,210:main.yíœz_Diva:INFO:-íœ’†-:162
2023-05-23 23:57:38,226:main.yíœz_Diva:INFO:-íœ’†-:153
2023-05-23 23:57:38,241:main.yíœz_Diva:INFO:-íœ’†-:163
2023-05-23 23:57:38,321:main.yíœz_Diva:INFO:-íœ’†-:154
2023-05-23 23:57:38,329:main.yíœz_Diva:INFO:-íœ’†-:164
2023-05-23 23:57:38,339:main.yíœz_Diva:INFO:-íœ’†-:155
2023-05-23 23:57:38,361:main.yíœz_Diva:INFO:-íœ’†-:165
2023-05-23 23:57:38,370:main.yíœz_Diva:INFO:-íœ’†-:2020-11
2023-05-23 23:57:38,372:main.yíœz_Diva:INFO:-íœ’†-:146
2023-05-23 23:57:38,386:main.yíœz_Diva:INFO:-íœ’†-:2020-09
2023-05-23 23:57:38,388:main.yíœz_Diva:INFO:-íœ’†-:156
2023-05-23 23:57:38,400:main.yíœz_Diva:INFO:-íœ’†-:147
2023-05-23 23:57:38,400:main.yíœz_Diva:INFO:-íœ’†-:157
2023-05-23 23:57:38,400:main.yíœz_Diva:INFO:-íœ’†-:148
2023-05-23 23:57:38,416:main.yíœz_Diva:INFO:-íœ’†-:158
2023-05-23 23:57:38,429:main.yíœz_Diva:INFO:-íœ’†-:149
2023-05-23 23:57:38,429:main.yíœz_Diva:INFO:-íœ’†-:159
2023-05-23 23:57:38,429:main.yíœz_Diva:INFO:-íœ’†-:150
2023-05-23 23:57:38,445:main.yíœz_Diva:INFO:-íœ’†-:160
2023-05-23 23:57:38,445:main.yíœz_Diva:INFO:-íœ’†-:2020-12
2023-05-23 23:57:38,445:main.yíœz_Diva:INFO:-íœ’†-:141
2023-05-23 23:57:38,460:main.yíœz_Diva:INFO:-íœ’†-:2020-10
2023-05-23 23:57:38,460:main.yíœz_Diva:INFO:-íœ’†-:151
2023-05-23 23:57:38,460:main.yíœz_Diva:INFO:-íœ’†-:142
2023-05-23 23:57:38,476:main.yíœz_Diva:INFO:-íœ’†-:152
2023-05-23 23:57:38,476:main.yíœz_Diva:INFO:-íœ’†-:143
2023-05-23 23:57:38,491:main.yíœz_Diva:INFO:-íœ’†-:153
2023-05-23 23:57:38,491:main.yíœz_Diva:INFO:-íœ’†-:144
2023-05-23 23:57:38,507:main.yíœz_Diva:INFO:-íœ’†-:154
2023-05-23 23:57:38,507:main.yíœz_Diva:INFO:-íœ’†-:145
2023-05-23 23:57:38,523:main.yíœz_Diva:INFO:-íœ’†-:155
2023-05-23 23:57:38,523:main.yíœz_Diva:INFO:-íœ’†-:2021-01
2023-05-23 23:57:38,523:main.yíœz_Diva:INFO:-íœ’†-:136
2023-05-23 23:57:38,538:main.yíœz_Diva:INFO:-íœ’†-:2020-11
2023-05-23 23:57:38,538:main.yíœz_Diva:INFO:-íœ’†-:146
2023-05-23 23:57:38,538:main.yíœz_Diva:INFO:-íœ’†-:137
2023-05-23 23:57:38,554:main.yíœz_Diva:INFO:-íœ’†-:147
2023-05-23 23:57:38,554:main.yíœz_Diva:INFO:-íœ’†-:138
2023-05-23 23:57:38,570:main.yíœz_Diva:INFO:-íœ’†-:148
2023-05-23 23:57:38,570:main.yíœz_Diva:INFO:-íœ’†-:139
2023-05-23 23:57:38,585:main.yíœz_Diva:INFO:-íœ’†-:149
2023-05-23 23:57:38,585:main.yíœz_Diva:INFO:-íœ’†-:140
2023-05-23 23:57:38,601:main.yíœz_Diva:INFO:-íœ’†-:150
2023-05-23 23:57:38,616:main.yíœz_Diva:INFO:-íœ’†-:2021-02
2023-05-23 23:57:38,616:main.yíœz_Diva:INFO:-íœ’†-:131
2023-05-23 23:57:38,616:main.yíœz_Diva:INFO:-íœ’†-:2020-12
2023-05-23 23:57:38,616:main.yíœz_Diva:INFO:-íœ’†-:141
2023-05-23 23:57:38,616:main.yíœz_Diva:INFO:-íœ’†-:132
2023-05-23 23:57:38,639:main.yíœz_Diva:INFO:-íœ’†-:142
2023-05-23 23:57:38,646:main.yíœz_Diva:INFO:-íœ’†-:133
2023-05-23 23:57:38,653:main.yíœz_Diva:INFO:-íœ’†-:143
2023-05-23 23:57:38,661:main.yíœz_Diva:INFO:-íœ’†-:134
2023-05-23 23:57:38,668:main.yíœz_Diva:INFO:-íœ’†-:144
2023-05-23 23:57:38,676:main.yíœz_Diva:INFO:-íœ’†-:135
2023-05-23 23:57:38,681:main.yíœz_Diva:INFO:-íœ’†-:145
2023-05-23 23:57:38,681:main.yíœz_Diva:INFO:-íœ’†-:2021-03
2023-05-23 23:57:38,681:main.yíœz_Diva:INFO:-íœ’†-:126
2023-05-23 23:57:38,697:main.yíœz_Diva:INFO:-íœ’†-:2021-01
2023-05-23 23:57:38,697:main.yíœz_Diva:INFO:-íœ’†-:136
2023-05-23 23:57:38,697:main.yíœz_Diva:INFO:-íœ’†-:127
2023-05-23 23:57:38,710:main.yíœz_Diva:INFO:-íœ’†-:137
2023-05-23 23:57:38,710:main.yíœz_Diva:INFO:-íœ’†-:128
2023-05-23 23:57:38,710:main.yíœz_Diva:INFO:-íœ’†-:138
2023-05-23 23:57:38,726:main.yíœz_Diva:INFO:-íœ’†-:129
2023-05-23 23:57:38,726:main.yíœz_Diva:INFO:-íœ’†-:139
2023-05-23 23:57:38,742:main.yíœz_Diva:INFO:-íœ’†-:130
2023-05-23 23:57:38,742:main.yíœz_Diva:INFO:-íœ’†-:140
2023-05-23 23:57:38,757:main.yíœz_Diva:INFO:-íœ’†-:2021-04
2023-05-23 23:57:38,757:main.yíœz_Diva:INFO:-íœ’†-:121
2023-05-23 23:57:38,757:main.yíœz_Diva:INFO:-íœ’†-:2021-02
2023-05-23 23:57:38,773:main.yíœz_Diva:INFO:-íœ’†-:131
2023-05-23 23:57:38,773:main.yíœz_Diva:INFO:-íœ’†-:122
2023-05-23 23:57:38,773:main.yíœz_Diva:INFO:-íœ’†-:132
2023-05-23 23:57:38,788:main.yíœz_Diva:INFO:-íœ’†-:123
2023-05-23 23:57:38,788:main.yíœz_Diva:INFO:-íœ’†-:133
2023-05-23 23:57:38,804:main.yíœz_Diva:INFO:-íœ’†-:124
2023-05-23 23:57:38,804:main.yíœz_Diva:INFO:-íœ’†-:134
2023-05-23 23:57:38,825:main.yíœz_Diva:INFO:-íœ’†-:125
2023-05-23 23:57:38,835:main.yíœz_Diva:INFO:-íœ’†-:135
2023-05-23 23:57:38,840:main.yíœz_Diva:INFO:-íœ’†-:2021-05
2023-05-23 23:57:38,842:main.yíœz_Diva:INFO:-íœ’†-:116
2023-05-23 23:57:38,853:main.yíœz_Diva:INFO:-íœ’†-:2021-03
2023-05-23 23:57:38,854:main.yíœz_Diva:INFO:-íœ’†-:126
2023-05-23 23:57:38,857:main.yíœz_Diva:INFO:-íœ’†-:117
2023-05-23 23:57:38,867:main.yíœz_Diva:INFO:-íœ’†-:127
2023-05-23 23:57:38,873:main.yíœz_Diva:INFO:-íœ’†-:118
2023-05-23 23:57:38,885:main.yíœz_Diva:INFO:-íœ’†-:128
2023-05-23 23:57:38,890:main.yíœz_Diva:INFO:-íœ’†-:119
2023-05-23 23:57:38,902:main.yíœz_Diva:INFO:-íœ’†-:129
2023-05-23 23:57:38,909:main.yíœz_Diva:INFO:-íœ’†-:120
2023-05-23 23:57:38,918:main.yíœz_Diva:INFO:-íœ’†-:130
2023-05-23 23:57:38,924:main.yíœz_Diva:INFO:-íœ’†-:2021-06
2023-05-23 23:57:38,925:main.yíœz_Diva:INFO:-íœ’†-:111
2023-05-23 23:57:38,932:main.yíœz_Diva:INFO:-íœ’†-:2021-04
2023-05-23 23:57:38,932:main.yíœz_Diva:INFO:-íœ’†-:121
2023-05-23 23:57:38,932:main.yíœz_Diva:INFO:-íœ’†-:112
2023-05-23 23:57:38,948:main.yíœz_Diva:INFO:-íœ’†-:122
2023-05-23 23:57:38,948:main.yíœz_Diva:INFO:-íœ’†-:113
2023-05-23 23:57:38,960:main.yíœz_Diva:INFO:-íœ’†-:123
2023-05-23 23:57:38,960:main.yíœz_Diva:INFO:-íœ’†-:114
2023-05-23 23:57:38,976:main.yíœz_Diva:INFO:-íœ’†-:124
2023-05-23 23:57:38,976:main.yíœz_Diva:INFO:-íœ’†-:115
2023-05-23 23:57:38,991:main.yíœz_Diva:INFO:-íœ’†-:125
2023-05-23 23:57:38,991:main.yíœz_Diva:INFO:-íœ’†-:2021-07
2023-05-23 23:57:38,991:main.yíœz_Diva:INFO:-íœ’†-:105
2023-05-23 23:57:39,007:main.yíœz_Diva:INFO:-íœ’†-:2021-05
2023-05-23 23:57:39,007:main.yíœz_Diva:INFO:-íœ’†-:116
2023-05-23 23:57:39,007:main.yíœz_Diva:INFO:-íœ’†-:106
2023-05-23 23:57:39,023:main.yíœz_Diva:INFO:-íœ’†-:107
2023-05-23 23:57:39,023:main.yíœz_Diva:INFO:-íœ’†-:117
2023-05-23 23:57:39,038:main.yíœz_Diva:INFO:-íœ’†-:108
2023-05-23 23:57:39,054:main.yíœz_Diva:INFO:-íœ’†-:118
2023-05-23 23:57:39,070:main.yíœz_Diva:INFO:-íœ’†-:109
2023-05-23 23:57:39,070:main.yíœz_Diva:INFO:-íœ’†-:119
2023-05-23 23:57:39,085:main.yíœz_Diva:INFO:-íœ’†-:110
2023-05-23 23:57:39,085:main.yíœz_Diva:INFO:-íœ’†-:120
2023-05-23 23:57:39,101:main.yíœz_Diva:INFO:-íœ’†-:2021-08
2023-05-23 23:57:39,101:main.yíœz_Diva:INFO:-íœ’†-:2021-06
2023-05-23 23:57:39,116:main.yíœz_Diva:INFO:-íœ’†-:100
2023-05-23 23:57:39,116:main.yíœz_Diva:INFO:-íœ’†-:111
2023-05-23 23:57:39,132:main.yíœz_Diva:INFO:-íœ’†-:112
2023-05-23 23:57:39,132:main.yíœz_Diva:INFO:-íœ’†-:101
2023-05-23 23:57:39,150:main.yíœz_Diva:INFO:-íœ’†-:113
2023-05-23 23:57:39,150:main.yíœz_Diva:INFO:-íœ’†-:102
2023-05-23 23:57:39,166:main.yíœz_Diva:INFO:-íœ’†-:114
2023-05-23 23:57:39,166:main.yíœz_Diva:INFO:-íœ’†-:103
2023-05-23 23:57:39,179:main.yíœz_Diva:INFO:-íœ’†-:115
2023-05-23 23:57:39,179:main.yíœz_Diva:INFO:-íœ’†-:104
2023-05-23 23:57:39,195:main.yíœz_Diva:INFO:-íœ’†-:2021-07
2023-05-23 23:57:39,195:main.yíœz_Diva:INFO:-íœ’†-:2021-09
2023-05-23 23:57:39,195:main.yíœz_Diva:INFO:-íœ’†-:105
2023-05-23 23:57:39,195:main.yíœz_Diva:INFO:-íœ’†-:95
2023-05-23 23:57:39,217:main.yíœz_Diva:INFO:-íœ’†-:106
2023-05-23 23:57:39,217:main.yíœz_Diva:INFO:-íœ’†-:96
2023-05-23 23:57:39,235:main.yíœz_Diva:INFO:-íœ’†-:107
2023-05-23 23:57:39,236:main.yíœz_Diva:INFO:-íœ’†-:97
2023-05-23 23:57:39,242:main.yíœz_Diva:INFO:-íœ’†-:108
2023-05-23 23:57:39,242:main.yíœz_Diva:INFO:-íœ’†-:98
2023-05-23 23:57:39,258:main.yíœz_Diva:INFO:-íœ’†-:109
2023-05-23 23:57:39,258:main.yíœz_Diva:INFO:-íœ’†-:99
2023-05-23 23:57:39,273:main.yíœz_Diva:INFO:-íœ’†-:2021-10
2023-05-23 23:57:39,273:main.yíœz_Diva:INFO:-íœ’†-:110
2023-05-23 23:57:39,273:main.yíœz_Diva:INFO:Šeƒtƒ@ƒCƒ‹íœ’†:2021-11
2023-05-23 23:57:39,273:main.yíœz_Diva:INFO:-íœ’†-:90
2023-05-23 23:57:39,273:main.yíœz_Diva:INFO:-íœ’†-:91
2023-05-23 23:57:39,273:main.yíœz_Diva:INFO:-íœ’†-:92
2023-05-23 23:57:39,289:main.yíœz_Diva:INFO:-íœ’†-:93
2023-05-23 23:57:39,289:main.yíœz_Diva:INFO:-íœ’†-:94
2023-05-23 23:57:39,289:main.yíœz_Diva:INFO:-íœ’†-:2021-08
2023-05-23 23:57:39,289:main.yíœz_Diva:INFO:-íœ’†-:100
2023-05-23 23:57:39,304:main.yíœz_Diva:INFO:----------------íœŠ®—¹----------------:
2023-05-23 23:57:39,304:main.yíœz_Diva:INFO:-íœ’†-:101
2023-05-23 23:57:39,331:main.yíœz_Diva:INFO:-íœ’†-:102
2023-05-23 23:57:39,346:main.yíœz_Diva:INFO:-íœ’†-:103
2023-05-23 23:57:39,356:main.yíœz_Diva:INFO:-íœ’†-:104
2023-05-23 23:57:39,369:main.yíœz_Diva:INFO:-íœ’†-:2021-09
2023-05-23 23:57:39,371:main.yíœz_Diva:INFO:-íœ’†-:95
2023-05-23 23:57:39,381:main.yíœz_Diva:INFO:-íœ’†-:96
2023-05-23 23:57:39,391:main.yíœz_Diva:INFO:-íœ’†-:97
2023-05-23 23:57:39,399:main.yíœz_Diva:INFO:-íœ’†-:98
2023-05-23 23:57:39,399:main.yíœz_Diva:INFO:-íœ’†-:99
2023-05-23 23:57:39,415:main.yíœz_Diva:INFO:-íœ’†-:2021-10
2023-05-23 23:57:39,415:main.yíœz_Diva:INFO:Šeƒtƒ@ƒCƒ‹íœ’†:2021-11
2023-05-23 23:57:39,415:main.yíœz_Diva:INFO:-íœ’†-:90
2023-05-23 23:57:39,415:main.yíœz_Diva:INFO:-íœ’†-:91
2023-05-23 23:57:39,415:main.yíœz_Diva:INFO:-íœ’†-:92
2023-05-23 23:57:39,415:main.yíœz_Diva:INFO:-íœ’†-:93
2023-05-23 23:57:39,415:main.yíœz_Diva:INFO:-íœ’†-:94
2023-05-23 23:57:39,429:main.yíœz_Diva:INFO:----------------íœŠ®—¹----------------:
