2023-05-24 00:01:03,071:main.y’·Šú•Û‘¶z_Diva:INFO:----------------ˆÚ“®ŠJn----------------:
2023-05-24 00:01:03,072:main.y’·Šú•Û‘¶z_Diva:INFO:‘ÎÛƒtƒHƒ‹ƒ_:C:\Users\Kazuk\Documents\2_Projects\VSCode\fileKeeperDirExample\dir1
2023-05-24 00:01:03,072:main.y’·Šú•Û‘¶z_Diva:ERROR:ˆ—’†’f_ƒAƒNƒZƒX‹–‰ÂŠÔŠOƒGƒ‰[
2023-05-24 00:01:03,077:main.y’·Šú•Û‘¶z_Diva:INFO:----------------ˆÚ“®ŠJn----------------:
2023-05-24 00:01:03,077:main.y’·Šú•Û‘¶z_Diva:INFO:‘ÎÛƒtƒHƒ‹ƒ_:C:\Users\Kazuk\Documents\2_Projects\VSCode\fileKeeperDirExample\dir13
2023-05-24 00:01:03,077:main.y’·Šú•Û‘¶z_Diva:ERROR:ˆ—’†’f_ƒAƒNƒZƒX‹–‰ÂŠÔŠOƒGƒ‰[
2023-05-24 13:29:57,509:main.y’·Šú•Û‘¶z_Diva:INFO:----------------’·Šú•Û‘¶ŠJn----------------:
2023-05-24 13:29:57,512:main.y’·Šú•Û‘¶z_Diva:INFO:‘ÎÛƒtƒHƒ‹ƒ_:C:\Users\Kazuk\Documents\2_Projects\VSCode\fileKeeperDirExample\dir1
2023-05-24 13:29:57,512:main.y’·Šú•Û‘¶z_Diva:ERROR:ˆ—’†’f_ƒAƒNƒZƒX‹–‰ÂŠÔŠOƒGƒ‰[
2023-05-24 13:29:57,516:main.y’·Šú•Û‘¶z_Diva:INFO:----------------’·Šú•Û‘¶ŠJn----------------:
2023-05-24 13:29:57,517:main.y’·Šú•Û‘¶z_Diva:INFO:‘ÎÛƒtƒHƒ‹ƒ_:C:\Users\Kazuk\Documents\2_Projects\VSCode\fileKeeperDirExample\dir13
2023-05-24 13:29:57,517:main.y’·Šú•Û‘¶z_Diva:ERROR:ˆ—’†’f_ƒAƒNƒZƒX‹–‰ÂŠÔŠOƒGƒ‰[
2023-05-24 13:30:13,034:main.y’·Šú•Û‘¶z_Diva:INFO:----------------’·Šú•Û‘¶ŠJn----------------:
2023-05-24 13:30:13,035:main.y’·Šú•Û‘¶z_Diva:INFO:‘ÎÛƒtƒHƒ‹ƒ_:C:\Users\Kazuk\Documents\2_Projects\VSCode\fileKeeperDirExample\dir1
2023-05-24 13:30:13,035:main.y’·Šú•Û‘¶z_Diva:ERROR:ˆ—’†’f_ƒAƒNƒZƒX‹–‰ÂŠÔŠOƒGƒ‰[
2023-05-24 13:30:13,040:main.y’·Šú•Û‘¶z_Diva:INFO:----------------’·Šú•Û‘¶ŠJn----------------:
2023-05-24 13:30:13,040:main.y’·Šú•Û‘¶z_Diva:INFO:‘ÎÛƒtƒHƒ‹ƒ_:C:\Users\Kazuk\Documents\2_Projects\VSCode\fileKeeperDirExample\dir13
2023-05-24 13:30:13,040:main.y’·Šú•Û‘¶z_Diva:ERROR:ˆ—’†’f_ƒAƒNƒZƒX‹–‰ÂŠÔŠOƒGƒ‰[
2023-05-24 13:30:23,876:main.y’·Šú•Û‘¶z_Diva:INFO:----------------’·Šú•Û‘¶ŠJn----------------:
2023-05-24 13:30:23,877:main.y’·Šú•Û‘¶z_Diva:INFO:‘ÎÛƒtƒHƒ‹ƒ_:C:\Users\Kazuk\Documents\2_Projects\VSCode\fileKeeperDirExample\dir1
2023-05-24 13:30:23,877:main.y’·Šú•Û‘¶z_Diva:ERROR:ˆ—’†’f_ƒAƒNƒZƒX‹–‰ÂŠÔŠOƒGƒ‰[
2023-05-24 13:30:23,881:main.y’·Šú•Û‘¶z_Diva:INFO:----------------’·Šú•Û‘¶ŠJn----------------:
2023-05-24 13:30:23,881:main.y’·Šú•Û‘¶z_Diva:INFO:‘ÎÛƒtƒHƒ‹ƒ_:C:\Users\Kazuk\Documents\2_Projects\VSCode\fileKeeperDirExample\dir13
2023-05-24 13:30:23,882:main.y’·Šú•Û‘¶z_Diva:ERROR:ˆ—’†’f_ƒAƒNƒZƒX‹–‰ÂŠÔŠOƒGƒ‰[
2023-05-24 13:30:24,896:main.y’·Šú•Û‘¶z_Diva:INFO:----------------’·Šú•Û‘¶ŠJn----------------:
2023-05-24 13:30:24,896:main.y’·Šú•Û‘¶z_Diva:INFO:‘ÎÛƒtƒHƒ‹ƒ_:C:\Users\Kazuk\Documents\2_Projects\VSCode\fileKeeperDirExample\dir1
2023-05-24 13:30:24,897:main.y’·Šú•Û‘¶z_Diva:ERROR:ˆ—’†’f_ƒAƒNƒZƒX‹–‰ÂŠÔŠOƒGƒ‰[
2023-05-24 13:30:24,901:main.y’·Šú•Û‘¶z_Diva:INFO:----------------’·Šú•Û‘¶ŠJn----------------:
2023-05-24 13:30:24,901:main.y’·Šú•Û‘¶z_Diva:INFO:‘ÎÛƒtƒHƒ‹ƒ_:C:\Users\Kazuk\Documents\2_Projects\VSCode\fileKeeperDirExample\dir13
2023-05-24 13:30:24,901:main.y’·Šú•Û‘¶z_Diva:ERROR:ˆ—’†’f_ƒAƒNƒZƒX‹–‰ÂŠÔŠOƒGƒ‰[
2023-05-24 13:30:25,525:main.y’·Šú•Û‘¶z_Diva:INFO:----------------’·Šú•Û‘¶ŠJn----------------:
2023-05-24 13:30:25,525:main.y’·Šú•Û‘¶z_Diva:INFO:‘ÎÛƒtƒHƒ‹ƒ_:C:\Users\Kazuk\Documents\2_Projects\VSCode\fileKeeperDirExample\dir1
2023-05-24 13:30:25,526:main.y’·Šú•Û‘¶z_Diva:ERROR:ˆ—’†’f_ƒAƒNƒZƒX‹–‰ÂŠÔŠOƒGƒ‰[
2023-05-24 13:30:25,530:main.y’·Šú•Û‘¶z_Diva:INFO:----------------’·Šú•Û‘¶ŠJn----------------:
2023-05-24 13:30:25,531:main.y’·Šú•Û‘¶z_Diva:INFO:‘ÎÛƒtƒHƒ‹ƒ_:C:\Users\Kazuk\Documents\2_Projects\VSCode\fileKeeperDirExample\dir13
2023-05-24 13:30:25,532:main.y’·Šú•Û‘¶z_Diva:ERROR:ˆ—’†’f_ƒAƒNƒZƒX‹–‰ÂŠÔŠOƒGƒ‰[
2023-05-24 13:30:26,254:main.y’·Šú•Û‘¶z_Diva:INFO:----------------’·Šú•Û‘¶ŠJn----------------:
2023-05-24 13:30:26,255:main.y’·Šú•Û‘¶z_Diva:INFO:‘ÎÛƒtƒHƒ‹ƒ_:C:\Users\Kazuk\Documents\2_Projects\VSCode\fileKeeperDirExample\dir1
2023-05-24 13:30:26,256:main.y’·Šú•Û‘¶z_Diva:ERROR:ˆ—’†’f_ƒAƒNƒZƒX‹–‰ÂŠÔŠOƒGƒ‰[
2023-05-24 13:30:26,259:main.y’·Šú•Û‘¶z_Diva:INFO:----------------’·Šú•Û‘¶ŠJn----------------:
2023-05-24 13:30:26,259:main.y’·Šú•Û‘¶z_Diva:INFO:‘ÎÛƒtƒHƒ‹ƒ_:C:\Users\Kazuk\Documents\2_Projects\VSCode\fileKeeperDirExample\dir13
2023-05-24 13:30:26,260:main.y’·Šú•Û‘¶z_Diva:ERROR:ˆ—’†’f_ƒAƒNƒZƒX‹–‰ÂŠÔŠOƒGƒ‰[
2023-05-24 13:30:26,888:main.y’·Šú•Û‘¶z_Diva:INFO:----------------’·Šú•Û‘¶ŠJn----------------:
2023-05-24 13:30:26,889:main.y’·Šú•Û‘¶z_Diva:INFO:‘ÎÛƒtƒHƒ‹ƒ_:C:\Users\Kazuk\Documents\2_Projects\VSCode\fileKeeperDirExample\dir1
2023-05-24 13:30:26,890:main.y’·Šú•Û‘¶z_Diva:ERROR:ˆ—’†’f_ƒAƒNƒZƒX‹–‰ÂŠÔŠOƒGƒ‰[
2023-05-24 13:30:26,894:main.y’·Šú•Û‘¶z_Diva:INFO:----------------’·Šú•Û‘¶ŠJn----------------:
2023-05-24 13:30:26,895:main.y’·Šú•Û‘¶z_Diva:INFO:‘ÎÛƒtƒHƒ‹ƒ_:C:\Users\Kazuk\Documents\2_Projects\VSCode\fileKeeperDirExample\dir13
2023-05-24 13:30:26,895:main.y’·Šú•Û‘¶z_Diva:ERROR:ˆ—’†’f_ƒAƒNƒZƒX‹–‰ÂŠÔŠOƒGƒ‰[
2023-05-24 13:30:27,503:main.y’·Šú•Û‘¶z_Diva:INFO:----------------’·Šú•Û‘¶ŠJn----------------:
2023-05-24 13:30:27,504:main.y’·Šú•Û‘¶z_Diva:INFO:‘ÎÛƒtƒHƒ‹ƒ_:C:\Users\Kazuk\Documents\2_Projects\VSCode\fileKeeperDirExample\dir1
2023-05-24 13:30:27,504:main.y’·Šú•Û‘¶z_Diva:ERROR:ˆ—’†’f_ƒAƒNƒZƒX‹–‰ÂŠÔŠOƒGƒ‰[
2023-05-24 13:30:27,508:main.y’·Šú•Û‘¶z_Diva:INFO:----------------’·Šú•Û‘¶ŠJn----------------:
2023-05-24 13:30:27,509:main.y’·Šú•Û‘¶z_Diva:INFO:‘ÎÛƒtƒHƒ‹ƒ_:C:\Users\Kazuk\Documents\2_Projects\VSCode\fileKeeperDirExample\dir13
2023-05-24 13:30:27,509:main.y’·Šú•Û‘¶z_Diva:ERROR:ˆ—’†’f_ƒAƒNƒZƒX‹–‰ÂŠÔŠOƒGƒ‰[
2023-05-24 13:30:28,038:main.y’·Šú•Û‘¶z_Diva:INFO:----------------’·Šú•Û‘¶ŠJn----------------:
2023-05-24 13:30:28,039:main.y’·Šú•Û‘¶z_Diva:INFO:‘ÎÛƒtƒHƒ‹ƒ_:C:\Users\Kazuk\Documents\2_Projects\VSCode\fileKeeperDirExample\dir1
2023-05-24 13:30:28,039:main.y’·Šú•Û‘¶z_Diva:ERROR:ˆ—’†’f_ƒAƒNƒZƒX‹–‰ÂŠÔŠOƒGƒ‰[
2023-05-24 13:30:28,043:main.y’·Šú•Û‘¶z_Diva:INFO:----------------’·Šú•Û‘¶ŠJn----------------:
2023-05-24 13:30:28,043:main.y’·Šú•Û‘¶z_Diva:INFO:‘ÎÛƒtƒHƒ‹ƒ_:C:\Users\Kazuk\Documents\2_Projects\VSCode\fileKeeperDirExample\dir13
2023-05-24 13:30:28,044:main.y’·Šú•Û‘¶z_Diva:ERROR:ˆ—’†’f_ƒAƒNƒZƒX‹–‰ÂŠÔŠOƒGƒ‰[
2023-05-24 13:30:28,651:main.y’·Šú•Û‘¶z_Diva:INFO:----------------’·Šú•Û‘¶ŠJn----------------:
2023-05-24 13:30:28,652:main.y’·Šú•Û‘¶z_Diva:INFO:‘ÎÛƒtƒHƒ‹ƒ_:C:\Users\Kazuk\Documents\2_Projects\VSCode\fileKeeperDirExample\dir1
2023-05-24 13:30:28,653:main.y’·Šú•Û‘¶z_Diva:ERROR:ˆ—’†’f_ƒAƒNƒZƒX‹–‰ÂŠÔŠOƒGƒ‰[
2023-05-24 13:30:28,658:main.y’·Šú•Û‘¶z_Diva:INFO:----------------’·Šú•Û‘¶ŠJn----------------:
2023-05-24 13:30:28,658:main.y’·Šú•Û‘¶z_Diva:INFO:‘ÎÛƒtƒHƒ‹ƒ_:C:\Users\Kazuk\Documents\2_Projects\VSCode\fileKeeperDirExample\dir13
2023-05-24 13:30:28,658:main.y’·Šú•Û‘¶z_Diva:ERROR:ˆ—’†’f_ƒAƒNƒZƒX‹–‰ÂŠÔŠOƒGƒ‰[
2023-05-24 13:30:29,225:main.y’·Šú•Û‘¶z_Diva:INFO:----------------’·Šú•Û‘¶ŠJn----------------:
2023-05-24 13:30:29,226:main.y’·Šú•Û‘¶z_Diva:INFO:‘ÎÛƒtƒHƒ‹ƒ_:C:\Users\Kazuk\Documents\2_Projects\VSCode\fileKeeperDirExample\dir1
2023-05-24 13:30:29,227:main.y’·Šú•Û‘¶z_Diva:ERROR:ˆ—’†’f_ƒAƒNƒZƒX‹–‰ÂŠÔŠOƒGƒ‰[
2023-05-24 13:30:29,230:main.y’·Šú•Û‘¶z_Diva:INFO:----------------’·Šú•Û‘¶ŠJn----------------:
2023-05-24 13:30:29,230:main.y’·Šú•Û‘¶z_Diva:INFO:‘ÎÛƒtƒHƒ‹ƒ_:C:\Users\Kazuk\Documents\2_Projects\VSCode\fileKeeperDirExample\dir13
2023-05-24 13:30:29,231:main.y’·Šú•Û‘¶z_Diva:ERROR:ˆ—’†’f_ƒAƒNƒZƒX‹–‰ÂŠÔŠOƒGƒ‰[
2023-05-24 13:31:03,422:main.ã€é•·æœŸä¿å­˜ã€‘_Diva:INFO:----------------é•·æœŸä¿å­˜é–‹å§‹----------------:
2023-05-24 13:31:03,423:main.ã€é•·æœŸä¿å­˜ã€‘_Diva:INFO:å¯¾è±¡ãƒ•ã‚©ãƒ«ãƒ€:C:\Users\Kazuk\Documents\2_Projects\VSCode\fileKeeperDirExample\dir1
2023-05-24 13:31:03,424:main.ã€é•·æœŸä¿å­˜ã€‘_Diva:ERROR:å‡¦ç†ä¸­æ–­_ã‚¢ã‚¯ã‚»ã‚¹è¨±å¯æ™‚é–“å¤–ã‚¨ãƒ©ãƒ¼
2023-05-24 13:31:03,431:main.ã€é•·æœŸä¿å­˜ã€‘_Diva:INFO:----------------é•·æœŸä¿å­˜é–‹å§‹----------------:
2023-05-24 13:31:03,431:main.ã€é•·æœŸä¿å­˜ã€‘_Diva:INFO:å¯¾è±¡ãƒ•ã‚©ãƒ«ãƒ€:C:\Users\Kazuk\Documents\2_Projects\VSCode\fileKeeperDirExample\dir13
2023-05-24 13:31:03,431:main.ã€é•·æœŸä¿å­˜ã€‘_Diva:ERROR:å‡¦ç†ä¸­æ–­_ã‚¢ã‚¯ã‚»ã‚¹è¨±å¯æ™‚é–“å¤–ã‚¨ãƒ©ãƒ¼
2023-05-24 13:35:11,070:main.y’·Šú•Û‘¶z_Diva:INFO:----------------’·Šú•Û‘¶ŠJn----------------:
2023-05-24 13:35:11,070:main.y’·Šú•Û‘¶z_Diva:INFO:‘ÎÛƒtƒHƒ‹ƒ_:C:\Users\Kazuk\Documents\2_Projects\VSCode\fileKeeperDirExample\dir1
2023-05-24 13:35:11,071:main.y’·Šú•Û‘¶z_Diva:ERROR:ˆ—’†’f_ƒAƒNƒZƒX‹–‰ÂŠÔŠOƒGƒ‰[
2023-05-24 13:35:11,078:main.y’·Šú•Û‘¶z_Diva:INFO:----------------’·Šú•Û‘¶ŠJn----------------:
2023-05-24 13:35:11,079:main.y’·Šú•Û‘¶z_Diva:INFO:‘ÎÛƒtƒHƒ‹ƒ_:C:\Users\Kazuk\Documents\2_Projects\VSCode\fileKeeperDirExample\dir13
2023-05-24 13:35:11,079:main.y’·Šú•Û‘¶z_Diva:ERROR:ˆ—’†’f_ƒAƒNƒZƒX‹–‰ÂŠÔŠOƒGƒ‰[
2023-05-24 13:35:46,954:main.y’·Šú•Û‘¶z_Diva:INFO:----------------’·Šú•Û‘¶ŠJn----------------:
2023-05-24 13:35:46,954:main.y’·Šú•Û‘¶z_Diva:INFO:‘ÎÛƒtƒHƒ‹ƒ_:C:\Users\Kazuk\Documents\2_Projects\VSCode\fileKeeperDirExample\dir1
2023-05-24 13:35:46,955:main.y’·Šú•Û‘¶z_Diva:ERROR:ˆ—’†’f_ƒAƒNƒZƒX‹–‰ÂŠÔŠOƒGƒ‰[
2023-05-24 13:35:46,958:main.y’·Šú•Û‘¶z_Diva:INFO:----------------’·Šú•Û‘¶ŠJn----------------:
2023-05-24 13:35:46,959:main.y’·Šú•Û‘¶z_Diva:INFO:‘ÎÛƒtƒHƒ‹ƒ_:C:\Users\Kazuk\Documents\2_Projects\VSCode\fileKeeperDirExample\dir13
2023-05-24 13:35:46,959:main.y’·Šú•Û‘¶z_Diva:ERROR:ˆ—’†’f_ƒAƒNƒZƒX‹–‰ÂŠÔŠOƒGƒ‰[
2023-05-24 13:36:29,670:main.y’·Šú•Û‘¶z_Diva:INFO:----------------’·Šú•Û‘¶ŠJn----------------:
2023-05-24 13:36:29,671:main.y’·Šú•Û‘¶z_Diva:INFO:‘ÎÛƒtƒHƒ‹ƒ_:C:\Users\Kazuk\Documents\2_Projects\VSCode\fileKeeperDirExample\dir1
2023-05-24 13:36:29,672:main.y’·Šú•Û‘¶z_Diva:ERROR:ˆ—’†’f_ƒAƒNƒZƒX‹–‰ÂŠÔŠOƒGƒ‰[
2023-05-24 13:36:29,676:main.y’·Šú•Û‘¶z_Diva:INFO:----------------’·Šú•Û‘¶ŠJn----------------:
2023-05-24 13:36:29,676:main.y’·Šú•Û‘¶z_Diva:INFO:‘ÎÛƒtƒHƒ‹ƒ_:C:\Users\Kazuk\Documents\2_Projects\VSCode\fileKeeperDirExample\dir13
2023-05-24 13:36:29,676:main.y’·Šú•Û‘¶z_Diva:ERROR:ˆ—’†’f_ƒAƒNƒZƒX‹–‰ÂŠÔŠOƒGƒ‰[
2023-05-24 13:36:49,956:main.y’·Šú•Û‘¶z_Diva:INFO:----------------’·Šú•Û‘¶ŠJn----------------:
2023-05-24 13:36:49,957:main.y’·Šú•Û‘¶z_Diva:INFO:‘ÎÛƒtƒHƒ‹ƒ_:C:\Users\Kazuk\Documents\2_Projects\VSCode\fileKeeperDirExample\dir1
2023-05-24 13:36:49,958:main.y’·Šú•Û‘¶z_Diva:ERROR:ˆ—’†’f_ƒAƒNƒZƒX‹–‰ÂŠÔŠOƒGƒ‰[
2023-05-24 13:36:49,961:main.y’·Šú•Û‘¶z_Diva:INFO:----------------’·Šú•Û‘¶ŠJn----------------:
2023-05-24 13:36:49,961:main.y’·Šú•Û‘¶z_Diva:INFO:‘ÎÛƒtƒHƒ‹ƒ_:C:\Users\Kazuk\Documents\2_Projects\VSCode\fileKeeperDirExample\dir13
2023-05-24 13:36:49,961:main.y’·Šú•Û‘¶z_Diva:ERROR:ˆ—’†’f_ƒAƒNƒZƒX‹–‰ÂŠÔŠOƒGƒ‰[
2023-05-24 13:37:21,337:main.y’·Šú•Û‘¶z_Diva:INFO:----------------’·Šú•Û‘¶ŠJn----------------:
2023-05-24 13:37:21,337:main.y’·Šú•Û‘¶z_Diva:INFO:‘ÎÛƒtƒHƒ‹ƒ_:C:\Users\Kazuk\Documents\2_Projects\VSCode\fileKeeperDirExample\dir1
2023-05-24 13:37:21,339:main.y’·Šú•Û‘¶z_Diva:ERROR:ˆ—’†’f_ƒAƒNƒZƒX‹–‰ÂŠÔŠOƒGƒ‰[
2023-05-24 13:37:21,342:main.y’·Šú•Û‘¶z_Diva:INFO:----------------’·Šú•Û‘¶ŠJn----------------:
2023-05-24 13:37:21,342:main.y’·Šú•Û‘¶z_Diva:INFO:‘ÎÛƒtƒHƒ‹ƒ_:C:\Users\Kazuk\Documents\2_Projects\VSCode\fileKeeperDirExample\dir13
2023-05-24 13:37:21,342:main.y’·Šú•Û‘¶z_Diva:ERROR:ˆ—’†’f_ƒAƒNƒZƒX‹–‰ÂŠÔŠOƒGƒ‰[
2023-05-24 13:37:52,117:main.y’·Šú•Û‘¶z_Diva:INFO:----------------’·Šú•Û‘¶ŠJn----------------:
2023-05-24 13:37:52,118:main.y’·Šú•Û‘¶z_Diva:INFO:‘ÎÛƒtƒHƒ‹ƒ_:C:\Users\Kazuk\Documents\2_Projects\VSCode\fileKeeperDirExample\dir1
2023-05-24 13:37:52,119:main.y’·Šú•Û‘¶z_Diva:ERROR:ˆ—’†’f_ƒAƒNƒZƒX‹–‰ÂŠÔŠOƒGƒ‰[
2023-05-24 13:37:52,122:main.y’·Šú•Û‘¶z_Diva:INFO:----------------’·Šú•Û‘¶ŠJn----------------:
2023-05-24 13:37:52,122:main.y’·Šú•Û‘¶z_Diva:INFO:‘ÎÛƒtƒHƒ‹ƒ_:C:\Users\Kazuk\Documents\2_Projects\VSCode\fileKeeperDirExample\dir13
2023-05-24 13:37:52,123:main.y’·Šú•Û‘¶z_Diva:ERROR:ˆ—’†’f_ƒAƒNƒZƒX‹–‰ÂŠÔŠOƒGƒ‰[
2023-05-24 13:38:35,829:main.y’·Šú•Û‘¶z_Diva:INFO:----------------’·Šú•Û‘¶ŠJn----------------:
2023-05-24 13:38:35,830:main.y’·Šú•Û‘¶z_Diva:INFO:‘ÎÛƒtƒHƒ‹ƒ_:C:\Users\Kazuk\Documents\2_Projects\VSCode\fileKeeperDirExample\dir1
2023-05-24 13:38:35,831:main.y’·Šú•Û‘¶z_Diva:ERROR:ˆ—’†’f_ƒAƒNƒZƒX‹–‰ÂŠÔŠOƒGƒ‰[
2023-05-24 13:38:35,835:main.y’·Šú•Û‘¶z_Diva:INFO:----------------’·Šú•Û‘¶ŠJn----------------:
2023-05-24 13:38:35,835:main.y’·Šú•Û‘¶z_Diva:INFO:‘ÎÛƒtƒHƒ‹ƒ_:C:\Users\Kazuk\Documents\2_Projects\VSCode\fileKeeperDirExample\dir13
2023-05-24 13:38:35,835:main.y’·Šú•Û‘¶z_Diva:ERROR:ˆ—’†’f_ƒAƒNƒZƒX‹–‰ÂŠÔŠOƒGƒ‰[
