2023-05-23 23:57:38,119:main.y폜z_Div1:INFO:----------------폜Jn----------------:
2023-05-23 23:57:38,120:main.y폜z_Div1:INFO:ΏۃtH_:C:\Users\Kazuk\Documents\2_Projects\VSCode\fileKeeperDirExample\dir2
2023-05-23 23:57:38,124:main.y폜z_Div1:INFO:-폜-:2020-06-07
2023-05-23 23:57:38,147:main.y폜z_Div1:INFO:-폜-:2020-06-13
2023-05-23 23:57:38,166:main.y폜z_Div1:INFO:-폜-:2020-06-19
2023-05-23 23:57:38,195:main.y폜z_Div1:INFO:-폜-:2020-06-25
2023-05-23 23:57:38,210:main.y폜z_Div1:INFO:-폜-:2020-06
2023-05-23 23:57:38,210:main.y폜z_Div1:INFO:-폜-:2020-07-01
2023-05-23 23:57:38,241:main.y폜z_Div1:INFO:-폜-:2020-07-07
2023-05-23 23:57:38,341:main.y폜z_Div1:INFO:-폜-:2020-07-13
2023-05-23 23:57:38,373:main.y폜z_Div1:INFO:-폜-:2020-07-19
2023-05-23 23:57:38,400:main.y폜z_Div1:INFO:-폜-:2020-07-25
2023-05-23 23:57:38,416:main.y폜z_Div1:INFO:-폜-:2020-07-31
2023-05-23 23:57:38,429:main.y폜z_Div1:INFO:-폜-:2020-07
2023-05-23 23:57:38,429:main.y폜z_Div1:INFO:-폜-:2020-08-06
2023-05-23 23:57:38,445:main.y폜z_Div1:INFO:-폜-:2020-08-12
2023-05-23 23:57:38,460:main.y폜z_Div1:INFO:-폜-:2020-08-18
2023-05-23 23:57:38,476:main.y폜z_Div1:INFO:-폜-:2020-08-24
2023-05-23 23:57:38,491:main.y폜z_Div1:INFO:-폜-:2020-08-30
2023-05-23 23:57:38,507:main.y폜z_Div1:INFO:-폜-:2020-08
2023-05-23 23:57:38,507:main.y폜z_Div1:INFO:-폜-:2020-09-05
2023-05-23 23:57:38,523:main.y폜z_Div1:INFO:-폜-:2020-09-11
2023-05-23 23:57:38,538:main.y폜z_Div1:INFO:-폜-:2020-09-17
2023-05-23 23:57:38,554:main.y폜z_Div1:INFO:-폜-:2020-09-23
2023-05-23 23:57:38,570:main.y폜z_Div1:INFO:-폜-:2020-09-29
2023-05-23 23:57:38,585:main.y폜z_Div1:INFO:-폜-:2020-09
2023-05-23 23:57:38,585:main.y폜z_Div1:INFO:-폜-:2020-10-05
2023-05-23 23:57:38,616:main.y폜z_Div1:INFO:-폜-:2020-10-11
2023-05-23 23:57:38,632:main.y폜z_Div1:INFO:-폜-:2020-10-17
2023-05-23 23:57:38,648:main.y폜z_Div1:INFO:-폜-:2020-10-23
2023-05-23 23:57:38,665:main.y폜z_Div1:INFO:-폜-:2020-10-29
2023-05-23 23:57:38,681:main.y폜z_Div1:INFO:-폜-:2020-10
2023-05-23 23:57:38,681:main.y폜z_Div1:INFO:-폜-:2020-11-04
2023-05-23 23:57:38,697:main.y폜z_Div1:INFO:-폜-:2020-11-10
2023-05-23 23:57:38,710:main.y폜z_Div1:INFO:-폜-:2020-11-16
2023-05-23 23:57:38,710:main.y폜z_Div1:INFO:-폜-:2020-11-22
2023-05-23 23:57:38,726:main.y폜z_Div1:INFO:-폜-:2020-11-28
2023-05-23 23:57:38,742:main.y폜z_Div1:INFO:-폜-:2020-11
2023-05-23 23:57:38,742:main.y폜z_Div1:INFO:-폜-:2020-12-04
2023-05-23 23:57:38,773:main.y폜z_Div1:INFO:-폜-:2020-12-10
2023-05-23 23:57:38,788:main.y폜z_Div1:INFO:-폜-:2020-12-16
2023-05-23 23:57:38,804:main.y폜z_Div1:INFO:-폜-:2020-12-22
2023-05-23 23:57:38,822:main.y폜z_Div1:INFO:-폜-:2020-12-28
2023-05-23 23:57:38,837:main.y폜z_Div1:INFO:-폜-:2020-12
2023-05-23 23:57:38,839:main.y폜z_Div1:INFO:-폜-:2021-01-03
2023-05-23 23:57:38,856:main.y폜z_Div1:INFO:-폜-:2021-01-09
2023-05-23 23:57:38,873:main.y폜z_Div1:INFO:-폜-:2021-01-15
2023-05-23 23:57:38,891:main.y폜z_Div1:INFO:-폜-:2021-01-21
2023-05-23 23:57:38,910:main.y폜z_Div1:INFO:-폜-:2021-01-27
2023-05-23 23:57:38,926:main.y폜z_Div1:INFO:-폜-:2021-01
2023-05-23 23:57:38,927:main.y폜z_Div1:INFO:-폜-:2021-02-02
2023-05-23 23:57:38,932:main.y폜z_Div1:INFO:-폜-:2021-02-08
2023-05-23 23:57:38,948:main.y폜z_Div1:INFO:-폜-:2021-02-14
2023-05-23 23:57:38,960:main.y폜z_Div1:INFO:-폜-:2021-02-20
2023-05-23 23:57:38,991:main.y폜z_Div1:INFO:-폜-:2021-02-26
2023-05-23 23:57:39,007:main.y폜z_Div1:INFO:-폜-:2021-02
2023-05-23 23:57:39,007:main.y폜z_Div1:INFO:-폜-:2021-03-04
2023-05-23 23:57:39,023:main.y폜z_Div1:INFO:-폜-:2021-03-10
2023-05-23 23:57:39,038:main.y폜z_Div1:INFO:-폜-:2021-03-16
2023-05-23 23:57:39,070:main.y폜z_Div1:INFO:-폜-:2021-03-22
2023-05-23 23:57:39,085:main.y폜z_Div1:INFO:-폜-:2021-03-28
2023-05-23 23:57:39,101:main.y폜z_Div1:INFO:-폜-:2021-03
2023-05-23 23:57:39,116:main.y폜z_Div1:INFO:-폜-:2021-04-03
2023-05-23 23:57:39,132:main.y폜z_Div1:INFO:-폜-:2021-04-09
2023-05-23 23:57:39,150:main.y폜z_Div1:INFO:-폜-:2021-04-15
2023-05-23 23:57:39,166:main.y폜z_Div1:INFO:-폜-:2021-04-21
2023-05-23 23:57:39,179:main.y폜z_Div1:INFO:-폜-:2021-04-27
2023-05-23 23:57:39,195:main.y폜z_Div1:INFO:-폜-:2021-04
2023-05-23 23:57:39,210:main.y폜z_Div1:INFO:-폜-:2021-05-03
2023-05-23 23:57:39,228:main.y폜z_Div1:INFO:-폜-:2021-05-09
2023-05-23 23:57:39,242:main.y폜z_Div1:INFO:-폜-:2021-05-15
2023-05-23 23:57:39,258:main.y폜z_Div1:INFO:-폜-:2021-05-21
2023-05-23 23:57:39,273:main.y폜z_Div1:INFO:-폜-:2021-05-27
2023-05-23 23:57:39,289:main.y폜z_Div1:INFO:-폜-:2021-05
2023-05-23 23:57:39,289:main.y폜z_Div1:INFO:-폜-:2021-06-02
2023-05-23 23:57:39,304:main.y폜z_Div1:INFO:-폜-:2021-06-08
2023-05-23 23:57:39,329:main.y폜z_Div1:INFO:-폜-:2021-06-14
2023-05-23 23:57:39,343:main.y폜z_Div1:INFO:-폜-:2021-06-20
2023-05-23 23:57:39,355:main.y폜z_Div1:INFO:-폜-:2021-06-26
2023-05-23 23:57:39,370:main.y폜z_Div1:INFO:-폜-:2021-06
2023-05-23 23:57:39,371:main.y폜z_Div1:INFO:-폜-:2021-07-02
2023-05-23 23:57:39,382:main.y폜z_Div1:INFO:-폜-:2021-07-08
2023-05-23 23:57:39,394:main.y폜z_Div1:INFO:-폜-:2021-07-14
2023-05-23 23:57:39,399:main.y폜z_Div1:INFO:-폜-:2021-07-20
2023-05-23 23:57:39,415:main.y폜z_Div1:INFO:-폜-:2021-07-26
2023-05-23 23:57:39,415:main.y폜z_Div1:INFO:-폜-:2021-07
2023-05-23 23:57:39,415:main.y폜z_Div1:INFO:-폜-:2021-08-01
2023-05-23 23:57:39,429:main.y폜z_Div1:INFO:-폜-:2021-08-07
2023-05-23 23:57:39,445:main.y폜z_Div1:INFO:-폜-:2021-08-13
2023-05-23 23:57:39,445:main.y폜z_Div1:INFO:-폜-:2021-08-19
2023-05-23 23:57:39,445:main.y폜z_Div1:INFO:-폜-:2021-08-25
2023-05-23 23:57:39,460:main.y폜z_Div1:INFO:-폜-:2021-08-31
2023-05-23 23:57:39,476:main.y폜z_Div1:INFO:-폜-:2021-08
2023-05-23 23:57:39,476:main.y폜z_Div1:INFO:-폜-:2021-09-06
2023-05-23 23:57:39,476:main.y폜z_Div1:INFO:-폜-:2021-09-12
2023-05-23 23:57:39,491:main.y폜z_Div1:INFO:-폜-:2021-09-18
2023-05-23 23:57:39,491:main.y폜z_Div1:INFO:-폜-:2021-09-24
2023-05-23 23:57:39,491:main.y폜z_Div1:INFO:-폜-:2021-09-30
2023-05-23 23:57:39,507:main.y폜z_Div1:INFO:-폜-:2021-09
2023-05-23 23:57:39,507:main.y폜z_Div1:INFO:-폜-:2021-10-06
2023-05-23 23:57:39,507:main.y폜z_Div1:INFO:-폜-:2021-10-12
2023-05-23 23:57:39,507:main.y폜z_Div1:INFO:-폜-:2021-10-18
2023-05-23 23:57:39,523:main.y폜z_Div1:INFO:-폜-:2021-10-24
2023-05-23 23:57:39,523:main.y폜z_Div1:INFO:-폜-:2021-10-30
2023-05-23 23:57:39,523:main.y폜z_Div1:INFO:-폜-:2021-10
2023-05-23 23:57:39,523:main.y폜z_Div1:INFO:et@C폜:2021-11
2023-05-23 23:57:39,523:main.y폜z_Div1:INFO:-폜-:2021-11-05
2023-05-23 23:57:39,523:main.y폜z_Div1:INFO:-폜-:94
2023-05-23 23:57:39,538:main.y폜z_Div1:INFO:-폜-:2021-11-11
2023-05-23 23:57:39,538:main.y폜z_Div1:INFO:-폜-:93
2023-05-23 23:57:39,538:main.y폜z_Div1:INFO:-폜-:2021-11-17
2023-05-23 23:57:39,538:main.y폜z_Div1:INFO:-폜-:92
2023-05-23 23:57:39,538:main.y폜z_Div1:INFO:-폜-:2021-11-23
2023-05-23 23:57:39,538:main.y폜z_Div1:INFO:-폜-:91
2023-05-23 23:57:39,538:main.y폜z_Div1:INFO:-폜-:2021-11-29
2023-05-23 23:57:39,538:main.y폜z_Div1:INFO:-폜-:90
2023-05-23 23:57:39,538:main.y폜z_Div1:INFO:----------------폜----------------:
