2023-05-24 00:01:03,075:main.y’·Šú•Û‘¶z_Div9:INFO:----------------ˆÚ“®ŠJn----------------:
2023-05-24 00:01:03,076:main.y’·Šú•Û‘¶z_Div9:INFO:‘ÎÛƒtƒHƒ‹ƒ_:C:\Users\Kazuk\Documents\2_Projects\VSCode\fileKeeperDirExample\dir10
2023-05-24 00:01:03,076:main.y’·Šú•Û‘¶z_Div9:ERROR:ˆ—’†’f_ƒAƒNƒZƒX‹–‰ÂŠÔŠOƒGƒ‰[
2023-05-24 13:29:57,515:main.y’·Šú•Û‘¶z_Div9:INFO:----------------’·Šú•Û‘¶ŠJn----------------:
2023-05-24 13:29:57,515:main.y’·Šú•Û‘¶z_Div9:INFO:‘ÎÛƒtƒHƒ‹ƒ_:C:\Users\Kazuk\Documents\2_Projects\VSCode\fileKeeperDirExample\dir10
2023-05-24 13:29:57,516:main.y’·Šú•Û‘¶z_Div9:ERROR:ˆ—’†’f_ƒAƒNƒZƒX‹–‰ÂŠÔŠOƒGƒ‰[
2023-05-24 13:30:13,038:main.y’·Šú•Û‘¶z_Div9:INFO:----------------’·Šú•Û‘¶ŠJn----------------:
2023-05-24 13:30:13,038:main.y’·Šú•Û‘¶z_Div9:INFO:‘ÎÛƒtƒHƒ‹ƒ_:C:\Users\Kazuk\Documents\2_Projects\VSCode\fileKeeperDirExample\dir10
2023-05-24 13:30:13,039:main.y’·Šú•Û‘¶z_Div9:ERROR:ˆ—’†’f_ƒAƒNƒZƒX‹–‰ÂŠÔŠOƒGƒ‰[
2023-05-24 13:30:23,880:main.y’·Šú•Û‘¶z_Div9:INFO:----------------’·Šú•Û‘¶ŠJn----------------:
2023-05-24 13:30:23,880:main.y’·Šú•Û‘¶z_Div9:INFO:‘ÎÛƒtƒHƒ‹ƒ_:C:\Users\Kazuk\Documents\2_Projects\VSCode\fileKeeperDirExample\dir10
2023-05-24 13:30:23,881:main.y’·Šú•Û‘¶z_Div9:ERROR:ˆ—’†’f_ƒAƒNƒZƒX‹–‰ÂŠÔŠOƒGƒ‰[
2023-05-24 13:30:24,900:main.y’·Šú•Û‘¶z_Div9:INFO:----------------’·Šú•Û‘¶ŠJn----------------:
2023-05-24 13:30:24,900:main.y’·Šú•Û‘¶z_Div9:INFO:‘ÎÛƒtƒHƒ‹ƒ_:C:\Users\Kazuk\Documents\2_Projects\VSCode\fileKeeperDirExample\dir10
2023-05-24 13:30:24,900:main.y’·Šú•Û‘¶z_Div9:ERROR:ˆ—’†’f_ƒAƒNƒZƒX‹–‰ÂŠÔŠOƒGƒ‰[
2023-05-24 13:30:25,529:main.y’·Šú•Û‘¶z_Div9:INFO:----------------’·Šú•Û‘¶ŠJn----------------:
2023-05-24 13:30:25,529:main.y’·Šú•Û‘¶z_Div9:INFO:‘ÎÛƒtƒHƒ‹ƒ_:C:\Users\Kazuk\Documents\2_Projects\VSCode\fileKeeperDirExample\dir10
2023-05-24 13:30:25,530:main.y’·Šú•Û‘¶z_Div9:ERROR:ˆ—’†’f_ƒAƒNƒZƒX‹–‰ÂŠÔŠOƒGƒ‰[
2023-05-24 13:30:26,258:main.y’·Šú•Û‘¶z_Div9:INFO:----------------’·Šú•Û‘¶ŠJn----------------:
2023-05-24 13:30:26,258:main.y’·Šú•Û‘¶z_Div9:INFO:‘ÎÛƒtƒHƒ‹ƒ_:C:\Users\Kazuk\Documents\2_Projects\VSCode\fileKeeperDirExample\dir10
2023-05-24 13:30:26,259:main.y’·Šú•Û‘¶z_Div9:ERROR:ˆ—’†’f_ƒAƒNƒZƒX‹–‰ÂŠÔŠOƒGƒ‰[
2023-05-24 13:30:26,893:main.y’·Šú•Û‘¶z_Div9:INFO:----------------’·Šú•Û‘¶ŠJn----------------:
2023-05-24 13:30:26,893:main.y’·Šú•Û‘¶z_Div9:INFO:‘ÎÛƒtƒHƒ‹ƒ_:C:\Users\Kazuk\Documents\2_Projects\VSCode\fileKeeperDirExample\dir10
2023-05-24 13:30:26,894:main.y’·Šú•Û‘¶z_Div9:ERROR:ˆ—’†’f_ƒAƒNƒZƒX‹–‰ÂŠÔŠOƒGƒ‰[
2023-05-24 13:30:27,507:main.y’·Šú•Û‘¶z_Div9:INFO:----------------’·Šú•Û‘¶ŠJn----------------:
2023-05-24 13:30:27,508:main.y’·Šú•Û‘¶z_Div9:INFO:‘ÎÛƒtƒHƒ‹ƒ_:C:\Users\Kazuk\Documents\2_Projects\VSCode\fileKeeperDirExample\dir10
2023-05-24 13:30:27,508:main.y’·Šú•Û‘¶z_Div9:ERROR:ˆ—’†’f_ƒAƒNƒZƒX‹–‰ÂŠÔŠOƒGƒ‰[
2023-05-24 13:30:28,042:main.y’·Šú•Û‘¶z_Div9:INFO:----------------’·Šú•Û‘¶ŠJn----------------:
2023-05-24 13:30:28,042:main.y’·Šú•Û‘¶z_Div9:INFO:‘ÎÛƒtƒHƒ‹ƒ_:C:\Users\Kazuk\Documents\2_Projects\VSCode\fileKeeperDirExample\dir10
2023-05-24 13:30:28,043:main.y’·Šú•Û‘¶z_Div9:ERROR:ˆ—’†’f_ƒAƒNƒZƒX‹–‰ÂŠÔŠOƒGƒ‰[
2023-05-24 13:30:28,656:main.y’·Šú•Û‘¶z_Div9:INFO:----------------’·Šú•Û‘¶ŠJn----------------:
2023-05-24 13:30:28,657:main.y’·Šú•Û‘¶z_Div9:INFO:‘ÎÛƒtƒHƒ‹ƒ_:C:\Users\Kazuk\Documents\2_Projects\VSCode\fileKeeperDirExample\dir10
2023-05-24 13:30:28,657:main.y’·Šú•Û‘¶z_Div9:ERROR:ˆ—’†’f_ƒAƒNƒZƒX‹–‰ÂŠÔŠOƒGƒ‰[
2023-05-24 13:30:29,229:main.y’·Šú•Û‘¶z_Div9:INFO:----------------’·Šú•Û‘¶ŠJn----------------:
2023-05-24 13:30:29,229:main.y’·Šú•Û‘¶z_Div9:INFO:‘ÎÛƒtƒHƒ‹ƒ_:C:\Users\Kazuk\Documents\2_Projects\VSCode\fileKeeperDirExample\dir10
2023-05-24 13:30:29,230:main.y’·Šú•Û‘¶z_Div9:ERROR:ˆ—’†’f_ƒAƒNƒZƒX‹–‰ÂŠÔŠOƒGƒ‰[
2023-05-24 13:31:03,428:main.ã€é•·æœŸä¿å­˜ã€‘_Div9:INFO:----------------é•·æœŸä¿å­˜é–‹å§‹----------------:
2023-05-24 13:31:03,429:main.ã€é•·æœŸä¿å­˜ã€‘_Div9:INFO:å¯¾è±¡ãƒ•ã‚©ãƒ«ãƒ€:C:\Users\Kazuk\Documents\2_Projects\VSCode\fileKeeperDirExample\dir10
2023-05-24 13:31:03,429:main.ã€é•·æœŸä¿å­˜ã€‘_Div9:ERROR:å‡¦ç†ä¸­æ–­_ã‚¢ã‚¯ã‚»ã‚¹è¨±å¯æ™‚é–“å¤–ã‚¨ãƒ©ãƒ¼
2023-05-24 13:35:11,077:main.y’·Šú•Û‘¶z_Div9:INFO:----------------’·Šú•Û‘¶ŠJn----------------:
2023-05-24 13:35:11,077:main.y’·Šú•Û‘¶z_Div9:INFO:‘ÎÛƒtƒHƒ‹ƒ_:C:\Users\Kazuk\Documents\2_Projects\VSCode\fileKeeperDirExample\dir10
2023-05-24 13:35:11,078:main.y’·Šú•Û‘¶z_Div9:ERROR:ˆ—’†’f_ƒAƒNƒZƒX‹–‰ÂŠÔŠOƒGƒ‰[
2023-05-24 13:35:46,957:main.y’·Šú•Û‘¶z_Div9:INFO:----------------’·Šú•Û‘¶ŠJn----------------:
2023-05-24 13:35:46,958:main.y’·Šú•Û‘¶z_Div9:INFO:‘ÎÛƒtƒHƒ‹ƒ_:C:\Users\Kazuk\Documents\2_Projects\VSCode\fileKeeperDirExample\dir10
2023-05-24 13:35:46,958:main.y’·Šú•Û‘¶z_Div9:ERROR:ˆ—’†’f_ƒAƒNƒZƒX‹–‰ÂŠÔŠOƒGƒ‰[
2023-05-24 13:36:29,674:main.y’·Šú•Û‘¶z_Div9:INFO:----------------’·Šú•Û‘¶ŠJn----------------:
2023-05-24 13:36:29,675:main.y’·Šú•Û‘¶z_Div9:INFO:‘ÎÛƒtƒHƒ‹ƒ_:C:\Users\Kazuk\Documents\2_Projects\VSCode\fileKeeperDirExample\dir10
2023-05-24 13:36:29,675:main.y’·Šú•Û‘¶z_Div9:ERROR:ˆ—’†’f_ƒAƒNƒZƒX‹–‰ÂŠÔŠOƒGƒ‰[
2023-05-24 13:36:49,960:main.y’·Šú•Û‘¶z_Div9:INFO:----------------’·Šú•Û‘¶ŠJn----------------:
2023-05-24 13:36:49,960:main.y’·Šú•Û‘¶z_Div9:INFO:‘ÎÛƒtƒHƒ‹ƒ_:C:\Users\Kazuk\Documents\2_Projects\VSCode\fileKeeperDirExample\dir10
2023-05-24 13:36:49,960:main.y’·Šú•Û‘¶z_Div9:ERROR:ˆ—’†’f_ƒAƒNƒZƒX‹–‰ÂŠÔŠOƒGƒ‰[
2023-05-24 13:37:21,340:main.y’·Šú•Û‘¶z_Div9:INFO:----------------’·Šú•Û‘¶ŠJn----------------:
2023-05-24 13:37:21,341:main.y’·Šú•Û‘¶z_Div9:INFO:‘ÎÛƒtƒHƒ‹ƒ_:C:\Users\Kazuk\Documents\2_Projects\VSCode\fileKeeperDirExample\dir10
2023-05-24 13:37:21,341:main.y’·Šú•Û‘¶z_Div9:ERROR:ˆ—’†’f_ƒAƒNƒZƒX‹–‰ÂŠÔŠOƒGƒ‰[
2023-05-24 13:37:52,121:main.y’·Šú•Û‘¶z_Div9:INFO:----------------’·Šú•Û‘¶ŠJn----------------:
2023-05-24 13:37:52,121:main.y’·Šú•Û‘¶z_Div9:INFO:‘ÎÛƒtƒHƒ‹ƒ_:C:\Users\Kazuk\Documents\2_Projects\VSCode\fileKeeperDirExample\dir10
2023-05-24 13:37:52,122:main.y’·Šú•Û‘¶z_Div9:ERROR:ˆ—’†’f_ƒAƒNƒZƒX‹–‰ÂŠÔŠOƒGƒ‰[
2023-05-24 13:38:35,833:main.y’·Šú•Û‘¶z_Div9:INFO:----------------’·Šú•Û‘¶ŠJn----------------:
2023-05-24 13:38:35,834:main.y’·Šú•Û‘¶z_Div9:INFO:‘ÎÛƒtƒHƒ‹ƒ_:C:\Users\Kazuk\Documents\2_Projects\VSCode\fileKeeperDirExample\dir10
2023-05-24 13:38:35,834:main.y’·Šú•Û‘¶z_Div9:ERROR:ˆ—’†’f_ƒAƒNƒZƒX‹–‰ÂŠÔŠOƒGƒ‰[
