2023-05-24 00:01:03,071:main.y’·Šú•Û‘¶z_Div1:INFO:----------------ˆÚ“®ŠJn----------------:
2023-05-24 00:01:03,072:main.y’·Šú•Û‘¶z_Div1:INFO:‘ÎÛƒtƒHƒ‹ƒ_:C:\Users\Kazuk\Documents\2_Projects\VSCode\fileKeeperDirExample\dir2
2023-05-24 00:01:03,072:main.y’·Šú•Û‘¶z_Div1:ERROR:ˆ—’†’f_ƒAƒNƒZƒX‹–‰ÂŠÔŠOƒGƒ‰[
2023-05-24 13:29:57,511:main.y’·Šú•Û‘¶z_Div1:INFO:----------------’·Šú•Û‘¶ŠJn----------------:
2023-05-24 13:29:57,511:main.y’·Šú•Û‘¶z_Div1:INFO:‘ÎÛƒtƒHƒ‹ƒ_:C:\Users\Kazuk\Documents\2_Projects\VSCode\fileKeeperDirExample\dir2
2023-05-24 13:29:57,512:main.y’·Šú•Û‘¶z_Div1:ERROR:ˆ—’†’f_ƒAƒNƒZƒX‹–‰ÂŠÔŠOƒGƒ‰[
2023-05-24 13:30:13,035:main.y’·Šú•Û‘¶z_Div1:INFO:----------------’·Šú•Û‘¶ŠJn----------------:
2023-05-24 13:30:13,035:main.y’·Šú•Û‘¶z_Div1:INFO:‘ÎÛƒtƒHƒ‹ƒ_:C:\Users\Kazuk\Documents\2_Projects\VSCode\fileKeeperDirExample\dir2
2023-05-24 13:30:13,036:main.y’·Šú•Û‘¶z_Div1:ERROR:ˆ—’†’f_ƒAƒNƒZƒX‹–‰ÂŠÔŠOƒGƒ‰[
2023-05-24 13:30:23,876:main.y’·Šú•Û‘¶z_Div1:INFO:----------------’·Šú•Û‘¶ŠJn----------------:
2023-05-24 13:30:23,877:main.y’·Šú•Û‘¶z_Div1:INFO:‘ÎÛƒtƒHƒ‹ƒ_:C:\Users\Kazuk\Documents\2_Projects\VSCode\fileKeeperDirExample\dir2
2023-05-24 13:30:23,877:main.y’·Šú•Û‘¶z_Div1:ERROR:ˆ—’†’f_ƒAƒNƒZƒX‹–‰ÂŠÔŠOƒGƒ‰[
2023-05-24 13:30:24,896:main.y’·Šú•Û‘¶z_Div1:INFO:----------------’·Šú•Û‘¶ŠJn----------------:
2023-05-24 13:30:24,896:main.y’·Šú•Û‘¶z_Div1:INFO:‘ÎÛƒtƒHƒ‹ƒ_:C:\Users\Kazuk\Documents\2_Projects\VSCode\fileKeeperDirExample\dir2
2023-05-24 13:30:24,897:main.y’·Šú•Û‘¶z_Div1:ERROR:ˆ—’†’f_ƒAƒNƒZƒX‹–‰ÂŠÔŠOƒGƒ‰[
2023-05-24 13:30:25,525:main.y’·Šú•Û‘¶z_Div1:INFO:----------------’·Šú•Û‘¶ŠJn----------------:
2023-05-24 13:30:25,526:main.y’·Šú•Û‘¶z_Div1:INFO:‘ÎÛƒtƒHƒ‹ƒ_:C:\Users\Kazuk\Documents\2_Projects\VSCode\fileKeeperDirExample\dir2
2023-05-24 13:30:25,526:main.y’·Šú•Û‘¶z_Div1:ERROR:ˆ—’†’f_ƒAƒNƒZƒX‹–‰ÂŠÔŠOƒGƒ‰[
2023-05-24 13:30:26,254:main.y’·Šú•Û‘¶z_Div1:INFO:----------------’·Šú•Û‘¶ŠJn----------------:
2023-05-24 13:30:26,255:main.y’·Šú•Û‘¶z_Div1:INFO:‘ÎÛƒtƒHƒ‹ƒ_:C:\Users\Kazuk\Documents\2_Projects\VSCode\fileKeeperDirExample\dir2
2023-05-24 13:30:26,255:main.y’·Šú•Û‘¶z_Div1:ERROR:ˆ—’†’f_ƒAƒNƒZƒX‹–‰ÂŠÔŠOƒGƒ‰[
2023-05-24 13:30:26,889:main.y’·Šú•Û‘¶z_Div1:INFO:----------------’·Šú•Û‘¶ŠJn----------------:
2023-05-24 13:30:26,889:main.y’·Šú•Û‘¶z_Div1:INFO:‘ÎÛƒtƒHƒ‹ƒ_:C:\Users\Kazuk\Documents\2_Projects\VSCode\fileKeeperDirExample\dir2
2023-05-24 13:30:26,890:main.y’·Šú•Û‘¶z_Div1:ERROR:ˆ—’†’f_ƒAƒNƒZƒX‹–‰ÂŠÔŠOƒGƒ‰[
2023-05-24 13:30:27,503:main.y’·Šú•Û‘¶z_Div1:INFO:----------------’·Šú•Û‘¶ŠJn----------------:
2023-05-24 13:30:27,504:main.y’·Šú•Û‘¶z_Div1:INFO:‘ÎÛƒtƒHƒ‹ƒ_:C:\Users\Kazuk\Documents\2_Projects\VSCode\fileKeeperDirExample\dir2
2023-05-24 13:30:27,504:main.y’·Šú•Û‘¶z_Div1:ERROR:ˆ—’†’f_ƒAƒNƒZƒX‹–‰ÂŠÔŠOƒGƒ‰[
2023-05-24 13:30:28,039:main.y’·Šú•Û‘¶z_Div1:INFO:----------------’·Šú•Û‘¶ŠJn----------------:
2023-05-24 13:30:28,039:main.y’·Šú•Û‘¶z_Div1:INFO:‘ÎÛƒtƒHƒ‹ƒ_:C:\Users\Kazuk\Documents\2_Projects\VSCode\fileKeeperDirExample\dir2
2023-05-24 13:30:28,039:main.y’·Šú•Û‘¶z_Div1:ERROR:ˆ—’†’f_ƒAƒNƒZƒX‹–‰ÂŠÔŠOƒGƒ‰[
2023-05-24 13:30:28,652:main.y’·Šú•Û‘¶z_Div1:INFO:----------------’·Šú•Û‘¶ŠJn----------------:
2023-05-24 13:30:28,652:main.y’·Šú•Û‘¶z_Div1:INFO:‘ÎÛƒtƒHƒ‹ƒ_:C:\Users\Kazuk\Documents\2_Projects\VSCode\fileKeeperDirExample\dir2
2023-05-24 13:30:28,653:main.y’·Šú•Û‘¶z_Div1:ERROR:ˆ—’†’f_ƒAƒNƒZƒX‹–‰ÂŠÔŠOƒGƒ‰[
2023-05-24 13:30:29,225:main.y’·Šú•Û‘¶z_Div1:INFO:----------------’·Šú•Û‘¶ŠJn----------------:
2023-05-24 13:30:29,226:main.y’·Šú•Û‘¶z_Div1:INFO:‘ÎÛƒtƒHƒ‹ƒ_:C:\Users\Kazuk\Documents\2_Projects\VSCode\fileKeeperDirExample\dir2
2023-05-24 13:30:29,226:main.y’·Šú•Û‘¶z_Div1:ERROR:ˆ—’†’f_ƒAƒNƒZƒX‹–‰ÂŠÔŠOƒGƒ‰[
2023-05-24 13:31:03,423:main.ã€é•·æœŸä¿å­˜ã€‘_Div1:INFO:----------------é•·æœŸä¿å­˜é–‹å§‹----------------:
2023-05-24 13:31:03,423:main.ã€é•·æœŸä¿å­˜ã€‘_Div1:INFO:å¯¾è±¡ãƒ•ã‚©ãƒ«ãƒ€:C:\Users\Kazuk\Documents\2_Projects\VSCode\fileKeeperDirExample\dir2
2023-05-24 13:31:03,424:main.ã€é•·æœŸä¿å­˜ã€‘_Div1:ERROR:å‡¦ç†ä¸­æ–­_ã‚¢ã‚¯ã‚»ã‚¹è¨±å¯æ™‚é–“å¤–ã‚¨ãƒ©ãƒ¼
2023-05-24 13:35:11,070:main.y’·Šú•Û‘¶z_Div1:INFO:----------------’·Šú•Û‘¶ŠJn----------------:
2023-05-24 13:35:11,070:main.y’·Šú•Û‘¶z_Div1:INFO:‘ÎÛƒtƒHƒ‹ƒ_:C:\Users\Kazuk\Documents\2_Projects\VSCode\fileKeeperDirExample\dir2
2023-05-24 13:35:11,071:main.y’·Šú•Û‘¶z_Div1:ERROR:ˆ—’†’f_ƒAƒNƒZƒX‹–‰ÂŠÔŠOƒGƒ‰[
2023-05-24 13:35:46,954:main.y’·Šú•Û‘¶z_Div1:INFO:----------------’·Šú•Û‘¶ŠJn----------------:
2023-05-24 13:35:46,954:main.y’·Šú•Û‘¶z_Div1:INFO:‘ÎÛƒtƒHƒ‹ƒ_:C:\Users\Kazuk\Documents\2_Projects\VSCode\fileKeeperDirExample\dir2
2023-05-24 13:35:46,955:main.y’·Šú•Û‘¶z_Div1:ERROR:ˆ—’†’f_ƒAƒNƒZƒX‹–‰ÂŠÔŠOƒGƒ‰[
2023-05-24 13:36:29,671:main.y’·Šú•Û‘¶z_Div1:INFO:----------------’·Šú•Û‘¶ŠJn----------------:
2023-05-24 13:36:29,671:main.y’·Šú•Û‘¶z_Div1:INFO:‘ÎÛƒtƒHƒ‹ƒ_:C:\Users\Kazuk\Documents\2_Projects\VSCode\fileKeeperDirExample\dir2
2023-05-24 13:36:29,672:main.y’·Šú•Û‘¶z_Div1:ERROR:ˆ—’†’f_ƒAƒNƒZƒX‹–‰ÂŠÔŠOƒGƒ‰[
2023-05-24 13:36:49,956:main.y’·Šú•Û‘¶z_Div1:INFO:----------------’·Šú•Û‘¶ŠJn----------------:
2023-05-24 13:36:49,956:main.y’·Šú•Û‘¶z_Div1:INFO:‘ÎÛƒtƒHƒ‹ƒ_:C:\Users\Kazuk\Documents\2_Projects\VSCode\fileKeeperDirExample\dir2
2023-05-24 13:36:49,957:main.y’·Šú•Û‘¶z_Div1:ERROR:ˆ—’†’f_ƒAƒNƒZƒX‹–‰ÂŠÔŠOƒGƒ‰[
2023-05-24 13:37:21,337:main.y’·Šú•Û‘¶z_Div1:INFO:----------------’·Šú•Û‘¶ŠJn----------------:
2023-05-24 13:37:21,338:main.y’·Šú•Û‘¶z_Div1:INFO:‘ÎÛƒtƒHƒ‹ƒ_:C:\Users\Kazuk\Documents\2_Projects\VSCode\fileKeeperDirExample\dir2
2023-05-24 13:37:21,338:main.y’·Šú•Û‘¶z_Div1:ERROR:ˆ—’†’f_ƒAƒNƒZƒX‹–‰ÂŠÔŠOƒGƒ‰[
2023-05-24 13:37:52,117:main.y’·Šú•Û‘¶z_Div1:INFO:----------------’·Šú•Û‘¶ŠJn----------------:
2023-05-24 13:37:52,118:main.y’·Šú•Û‘¶z_Div1:INFO:‘ÎÛƒtƒHƒ‹ƒ_:C:\Users\Kazuk\Documents\2_Projects\VSCode\fileKeeperDirExample\dir2
2023-05-24 13:37:52,118:main.y’·Šú•Û‘¶z_Div1:ERROR:ˆ—’†’f_ƒAƒNƒZƒX‹–‰ÂŠÔŠOƒGƒ‰[
2023-05-24 13:38:35,830:main.y’·Šú•Û‘¶z_Div1:INFO:----------------’·Šú•Û‘¶ŠJn----------------:
2023-05-24 13:38:35,830:main.y’·Šú•Û‘¶z_Div1:INFO:‘ÎÛƒtƒHƒ‹ƒ_:C:\Users\Kazuk\Documents\2_Projects\VSCode\fileKeeperDirExample\dir2
2023-05-24 13:38:35,831:main.y’·Šú•Û‘¶z_Div1:ERROR:ˆ—’†’f_ƒAƒNƒZƒX‹–‰ÂŠÔŠOƒGƒ‰[
