2023-05-24 00:01:03,073:main.y’·Šú•Û‘¶z_Div3:INFO:----------------ˆÚ“®ŠJn----------------:
2023-05-24 00:01:03,073:main.y’·Šú•Û‘¶z_Div3:INFO:‘ÎÛƒtƒHƒ‹ƒ_:C:\Users\Kazuk\Documents\2_Projects\VSCode\fileKeeperDirExample\dir4
2023-05-24 00:01:03,074:main.y’·Šú•Û‘¶z_Div3:ERROR:ˆ—’†’f_ƒAƒNƒZƒX‹–‰ÂŠÔŠOƒGƒ‰[
2023-05-24 13:29:57,512:main.y’·Šú•Û‘¶z_Div3:INFO:----------------’·Šú•Û‘¶ŠJn----------------:
2023-05-24 13:29:57,512:main.y’·Šú•Û‘¶z_Div3:INFO:‘ÎÛƒtƒHƒ‹ƒ_:C:\Users\Kazuk\Documents\2_Projects\VSCode\fileKeeperDirExample\dir4
2023-05-24 13:29:57,513:main.y’·Šú•Û‘¶z_Div3:ERROR:ˆ—’†’f_ƒAƒNƒZƒX‹–‰ÂŠÔŠOƒGƒ‰[
2023-05-24 13:30:13,035:main.y’·Šú•Û‘¶z_Div3:INFO:----------------’·Šú•Û‘¶ŠJn----------------:
2023-05-24 13:30:13,036:main.y’·Šú•Û‘¶z_Div3:INFO:‘ÎÛƒtƒHƒ‹ƒ_:C:\Users\Kazuk\Documents\2_Projects\VSCode\fileKeeperDirExample\dir4
2023-05-24 13:30:13,036:main.y’·Šú•Û‘¶z_Div3:ERROR:ˆ—’†’f_ƒAƒNƒZƒX‹–‰ÂŠÔŠOƒGƒ‰[
2023-05-24 13:30:23,877:main.y’·Šú•Û‘¶z_Div3:INFO:----------------’·Šú•Û‘¶ŠJn----------------:
2023-05-24 13:30:23,878:main.y’·Šú•Û‘¶z_Div3:INFO:‘ÎÛƒtƒHƒ‹ƒ_:C:\Users\Kazuk\Documents\2_Projects\VSCode\fileKeeperDirExample\dir4
2023-05-24 13:30:23,878:main.y’·Šú•Û‘¶z_Div3:ERROR:ˆ—’†’f_ƒAƒNƒZƒX‹–‰ÂŠÔŠOƒGƒ‰[
2023-05-24 13:30:24,897:main.y’·Šú•Û‘¶z_Div3:INFO:----------------’·Šú•Û‘¶ŠJn----------------:
2023-05-24 13:30:24,897:main.y’·Šú•Û‘¶z_Div3:INFO:‘ÎÛƒtƒHƒ‹ƒ_:C:\Users\Kazuk\Documents\2_Projects\VSCode\fileKeeperDirExample\dir4
2023-05-24 13:30:24,898:main.y’·Šú•Û‘¶z_Div3:ERROR:ˆ—’†’f_ƒAƒNƒZƒX‹–‰ÂŠÔŠOƒGƒ‰[
2023-05-24 13:30:25,526:main.y’·Šú•Û‘¶z_Div3:INFO:----------------’·Šú•Û‘¶ŠJn----------------:
2023-05-24 13:30:25,527:main.y’·Šú•Û‘¶z_Div3:INFO:‘ÎÛƒtƒHƒ‹ƒ_:C:\Users\Kazuk\Documents\2_Projects\VSCode\fileKeeperDirExample\dir4
2023-05-24 13:30:25,527:main.y’·Šú•Û‘¶z_Div3:ERROR:ˆ—’†’f_ƒAƒNƒZƒX‹–‰ÂŠÔŠOƒGƒ‰[
2023-05-24 13:30:26,255:main.y’·Šú•Û‘¶z_Div3:INFO:----------------’·Šú•Û‘¶ŠJn----------------:
2023-05-24 13:30:26,256:main.y’·Šú•Û‘¶z_Div3:INFO:‘ÎÛƒtƒHƒ‹ƒ_:C:\Users\Kazuk\Documents\2_Projects\VSCode\fileKeeperDirExample\dir4
2023-05-24 13:30:26,256:main.y’·Šú•Û‘¶z_Div3:ERROR:ˆ—’†’f_ƒAƒNƒZƒX‹–‰ÂŠÔŠOƒGƒ‰[
2023-05-24 13:30:26,890:main.y’·Šú•Û‘¶z_Div3:INFO:----------------’·Šú•Û‘¶ŠJn----------------:
2023-05-24 13:30:26,890:main.y’·Šú•Û‘¶z_Div3:INFO:‘ÎÛƒtƒHƒ‹ƒ_:C:\Users\Kazuk\Documents\2_Projects\VSCode\fileKeeperDirExample\dir4
2023-05-24 13:30:26,891:main.y’·Šú•Û‘¶z_Div3:ERROR:ˆ—’†’f_ƒAƒNƒZƒX‹–‰ÂŠÔŠOƒGƒ‰[
2023-05-24 13:30:27,504:main.y’·Šú•Û‘¶z_Div3:INFO:----------------’·Šú•Û‘¶ŠJn----------------:
2023-05-24 13:30:27,505:main.y’·Šú•Û‘¶z_Div3:INFO:‘ÎÛƒtƒHƒ‹ƒ_:C:\Users\Kazuk\Documents\2_Projects\VSCode\fileKeeperDirExample\dir4
2023-05-24 13:30:27,505:main.y’·Šú•Û‘¶z_Div3:ERROR:ˆ—’†’f_ƒAƒNƒZƒX‹–‰ÂŠÔŠOƒGƒ‰[
2023-05-24 13:30:28,039:main.y’·Šú•Û‘¶z_Div3:INFO:----------------’·Šú•Û‘¶ŠJn----------------:
2023-05-24 13:30:28,040:main.y’·Šú•Û‘¶z_Div3:INFO:‘ÎÛƒtƒHƒ‹ƒ_:C:\Users\Kazuk\Documents\2_Projects\VSCode\fileKeeperDirExample\dir4
2023-05-24 13:30:28,040:main.y’·Šú•Û‘¶z_Div3:ERROR:ˆ—’†’f_ƒAƒNƒZƒX‹–‰ÂŠÔŠOƒGƒ‰[
2023-05-24 13:30:28,653:main.y’·Šú•Û‘¶z_Div3:INFO:----------------’·Šú•Û‘¶ŠJn----------------:
2023-05-24 13:30:28,653:main.y’·Šú•Û‘¶z_Div3:INFO:‘ÎÛƒtƒHƒ‹ƒ_:C:\Users\Kazuk\Documents\2_Projects\VSCode\fileKeeperDirExample\dir4
2023-05-24 13:30:28,654:main.y’·Šú•Û‘¶z_Div3:ERROR:ˆ—’†’f_ƒAƒNƒZƒX‹–‰ÂŠÔŠOƒGƒ‰[
2023-05-24 13:30:29,226:main.y’·Šú•Û‘¶z_Div3:INFO:----------------’·Šú•Û‘¶ŠJn----------------:
2023-05-24 13:30:29,226:main.y’·Šú•Û‘¶z_Div3:INFO:‘ÎÛƒtƒHƒ‹ƒ_:C:\Users\Kazuk\Documents\2_Projects\VSCode\fileKeeperDirExample\dir4
2023-05-24 13:30:29,227:main.y’·Šú•Û‘¶z_Div3:ERROR:ˆ—’†’f_ƒAƒNƒZƒX‹–‰ÂŠÔŠOƒGƒ‰[
2023-05-24 13:31:03,424:main.ã€é•·æœŸä¿å­˜ã€‘_Div3:INFO:----------------é•·æœŸä¿å­˜é–‹å§‹----------------:
2023-05-24 13:31:03,424:main.ã€é•·æœŸä¿å­˜ã€‘_Div3:INFO:å¯¾è±¡ãƒ•ã‚©ãƒ«ãƒ€:C:\Users\Kazuk\Documents\2_Projects\VSCode\fileKeeperDirExample\dir4
2023-05-24 13:31:03,425:main.ã€é•·æœŸä¿å­˜ã€‘_Div3:ERROR:å‡¦ç†ä¸­æ–­_ã‚¢ã‚¯ã‚»ã‚¹è¨±å¯æ™‚é–“å¤–ã‚¨ãƒ©ãƒ¼
2023-05-24 13:35:11,072:main.y’·Šú•Û‘¶z_Div3:INFO:----------------’·Šú•Û‘¶ŠJn----------------:
2023-05-24 13:35:11,072:main.y’·Šú•Û‘¶z_Div3:INFO:‘ÎÛƒtƒHƒ‹ƒ_:C:\Users\Kazuk\Documents\2_Projects\VSCode\fileKeeperDirExample\dir4
2023-05-24 13:35:11,072:main.y’·Šú•Û‘¶z_Div3:ERROR:ˆ—’†’f_ƒAƒNƒZƒX‹–‰ÂŠÔŠOƒGƒ‰[
2023-05-24 13:35:46,955:main.y’·Šú•Û‘¶z_Div3:INFO:----------------’·Šú•Û‘¶ŠJn----------------:
2023-05-24 13:35:46,955:main.y’·Šú•Û‘¶z_Div3:INFO:‘ÎÛƒtƒHƒ‹ƒ_:C:\Users\Kazuk\Documents\2_Projects\VSCode\fileKeeperDirExample\dir4
2023-05-24 13:35:46,956:main.y’·Šú•Û‘¶z_Div3:ERROR:ˆ—’†’f_ƒAƒNƒZƒX‹–‰ÂŠÔŠOƒGƒ‰[
2023-05-24 13:36:29,672:main.y’·Šú•Û‘¶z_Div3:INFO:----------------’·Šú•Û‘¶ŠJn----------------:
2023-05-24 13:36:29,672:main.y’·Šú•Û‘¶z_Div3:INFO:‘ÎÛƒtƒHƒ‹ƒ_:C:\Users\Kazuk\Documents\2_Projects\VSCode\fileKeeperDirExample\dir4
2023-05-24 13:36:29,673:main.y’·Šú•Û‘¶z_Div3:ERROR:ˆ—’†’f_ƒAƒNƒZƒX‹–‰ÂŠÔŠOƒGƒ‰[
2023-05-24 13:36:49,957:main.y’·Šú•Û‘¶z_Div3:INFO:----------------’·Šú•Û‘¶ŠJn----------------:
2023-05-24 13:36:49,957:main.y’·Šú•Û‘¶z_Div3:INFO:‘ÎÛƒtƒHƒ‹ƒ_:C:\Users\Kazuk\Documents\2_Projects\VSCode\fileKeeperDirExample\dir4
2023-05-24 13:36:49,958:main.y’·Šú•Û‘¶z_Div3:ERROR:ˆ—’†’f_ƒAƒNƒZƒX‹–‰ÂŠÔŠOƒGƒ‰[
2023-05-24 13:37:21,338:main.y’·Šú•Û‘¶z_Div3:INFO:----------------’·Šú•Û‘¶ŠJn----------------:
2023-05-24 13:37:21,338:main.y’·Šú•Û‘¶z_Div3:INFO:‘ÎÛƒtƒHƒ‹ƒ_:C:\Users\Kazuk\Documents\2_Projects\VSCode\fileKeeperDirExample\dir4
2023-05-24 13:37:21,339:main.y’·Šú•Û‘¶z_Div3:ERROR:ˆ—’†’f_ƒAƒNƒZƒX‹–‰ÂŠÔŠOƒGƒ‰[
2023-05-24 13:37:52,118:main.y’·Šú•Û‘¶z_Div3:INFO:----------------’·Šú•Û‘¶ŠJn----------------:
2023-05-24 13:37:52,119:main.y’·Šú•Û‘¶z_Div3:INFO:‘ÎÛƒtƒHƒ‹ƒ_:C:\Users\Kazuk\Documents\2_Projects\VSCode\fileKeeperDirExample\dir4
2023-05-24 13:37:52,119:main.y’·Šú•Û‘¶z_Div3:ERROR:ˆ—’†’f_ƒAƒNƒZƒX‹–‰ÂŠÔŠOƒGƒ‰[
2023-05-24 13:38:35,831:main.y’·Šú•Û‘¶z_Div3:INFO:----------------’·Šú•Û‘¶ŠJn----------------:
2023-05-24 13:38:35,831:main.y’·Šú•Û‘¶z_Div3:INFO:‘ÎÛƒtƒHƒ‹ƒ_:C:\Users\Kazuk\Documents\2_Projects\VSCode\fileKeeperDirExample\dir4
2023-05-24 13:38:35,832:main.y’·Šú•Û‘¶z_Div3:ERROR:ˆ—’†’f_ƒAƒNƒZƒX‹–‰ÂŠÔŠOƒGƒ‰[
